{"/Users/gokhansisman/projects/deploy/github/protspace/frontend/styleMock.ts": {"path":"/Users/gokhansisman/projects/deploy/github/protspace/frontend/styleMock.ts","all":false,"statementMap":{"0":{"start":{"line":1,"column":0},"end":{"line":1,"column":20}}},"s":{"0":1},"branchMap":{},"b":{},"fnMap":{},"f":{}}
,"/Users/gokhansisman/projects/deploy/github/protspace/frontend/src/App.tsx": {"path":"/Users/gokhansisman/projects/deploy/github/protspace/frontend/src/App.tsx","all":false,"statementMap":{"0":{"start":{"line":1,"column":0},"end":{"line":1,"column":64}},"1":{"start":{"line":2,"column":0},"end":{"line":2,"column":63}},"2":{"start":{"line":3,"column":0},"end":{"line":3,"column":0}},"3":{"start":{"line":4,"column":0},"end":{"line":4,"column":19}},"4":{"start":{"line":5,"column":0},"end":{"line":5,"column":51}},"5":{"start":{"line":6,"column":0},"end":{"line":6,"column":16}},"6":{"start":{"line":7,"column":0},"end":{"line":7,"column":10}},"7":{"start":{"line":8,"column":0},"end":{"line":8,"column":19}},"8":{"start":{"line":9,"column":0},"end":{"line":9,"column":14}},"9":{"start":{"line":10,"column":0},"end":{"line":10,"column":66}},"10":{"start":{"line":11,"column":0},"end":{"line":11,"column":67}},"11":{"start":{"line":12,"column":0},"end":{"line":12,"column":58}},"12":{"start":{"line":13,"column":0},"end":{"line":13,"column":63}},"13":{"start":{"line":14,"column":0},"end":{"line":14,"column":58}},"14":{"start":{"line":15,"column":0},"end":{"line":15,"column":15}},"15":{"start":{"line":16,"column":0},"end":{"line":16,"column":20}},"16":{"start":{"line":17,"column":0},"end":{"line":17,"column":4}},"17":{"start":{"line":18,"column":0},"end":{"line":18,"column":1}},"18":{"start":{"line":19,"column":0},"end":{"line":19,"column":0}},"19":{"start":{"line":20,"column":0},"end":{"line":20,"column":19}}},"s":{"0":1,"1":1,"2":1,"3":1,"4":1,"5":1,"6":1,"7":1,"8":1,"9":1,"10":1,"11":1,"12":1,"13":1,"14":1,"15":1,"16":1,"17":1,"18":1,"19":1},"branchMap":{"0":{"type":"branch","line":6,"loc":{"start":{"line":6,"column":0},"end":{"line":18,"column":1}},"locations":[{"start":{"line":6,"column":0},"end":{"line":18,"column":1}}]}},"b":{"0":[1]},"fnMap":{"0":{"name":"App","decl":{"start":{"line":6,"column":0},"end":{"line":18,"column":1}},"loc":{"start":{"line":6,"column":0},"end":{"line":18,"column":1}},"line":6}},"f":{"0":1}}
,"/Users/gokhansisman/projects/deploy/github/protspace/frontend/src/api/api.ts": {"path":"/Users/gokhansisman/projects/deploy/github/protspace/frontend/src/api/api.ts","all":false,"statementMap":{"0":{"start":{"line":1,"column":0},"end":{"line":1,"column":38}},"1":{"start":{"line":2,"column":0},"end":{"line":2,"column":49}},"2":{"start":{"line":3,"column":0},"end":{"line":3,"column":7}},"3":{"start":{"line":4,"column":0},"end":{"line":4,"column":43}},"4":{"start":{"line":5,"column":0},"end":{"line":5,"column":23}},"5":{"start":{"line":6,"column":0},"end":{"line":6,"column":46}},"6":{"start":{"line":7,"column":0},"end":{"line":7,"column":5}},"7":{"start":{"line":8,"column":0},"end":{"line":8,"column":0}},"8":{"start":{"line":9,"column":0},"end":{"line":9,"column":39}},"9":{"start":{"line":10,"column":0},"end":{"line":10,"column":0}},"10":{"start":{"line":11,"column":0},"end":{"line":11,"column":16}},"11":{"start":{"line":12,"column":0},"end":{"line":12,"column":19}},"12":{"start":{"line":13,"column":0},"end":{"line":13,"column":49}},"13":{"start":{"line":14,"column":0},"end":{"line":14,"column":16}},"14":{"start":{"line":15,"column":0},"end":{"line":15,"column":3}},"15":{"start":{"line":16,"column":0},"end":{"line":16,"column":2}}},"s":{"0":1,"1":2,"2":2,"3":2,"4":2,"5":1,"6":1,"7":1,"8":1,"9":1,"10":1,"11":1,"12":1,"13":1,"14":1,"15":2},"branchMap":{"0":{"type":"branch","line":1,"loc":{"start":{"line":1,"column":25},"end":{"line":16,"column":2}},"locations":[{"start":{"line":1,"column":25},"end":{"line":16,"column":2}}]},"1":{"type":"branch","line":5,"loc":{"start":{"line":5,"column":22},"end":{"line":15,"column":3}},"locations":[{"start":{"line":5,"column":22},"end":{"line":15,"column":3}}]}},"b":{"0":[2],"1":[1]},"fnMap":{"0":{"name":"fetchData","decl":{"start":{"line":1,"column":25},"end":{"line":16,"column":2}},"loc":{"start":{"line":1,"column":25},"end":{"line":16,"column":2}},"line":1}},"f":{"0":2}}
,"/Users/gokhansisman/projects/deploy/github/protspace/frontend/src/components/EntitySearch.tsx": {"path":"/Users/gokhansisman/projects/deploy/github/protspace/frontend/src/components/EntitySearch.tsx","all":false,"statementMap":{"0":{"start":{"line":1,"column":0},"end":{"line":1,"column":62}},"1":{"start":{"line":2,"column":0},"end":{"line":2,"column":69}},"2":{"start":{"line":3,"column":0},"end":{"line":3,"column":40}},"3":{"start":{"line":4,"column":0},"end":{"line":4,"column":31}},"4":{"start":{"line":5,"column":0},"end":{"line":5,"column":66}},"5":{"start":{"line":6,"column":0},"end":{"line":6,"column":49}},"6":{"start":{"line":7,"column":0},"end":{"line":7,"column":44}},"7":{"start":{"line":8,"column":0},"end":{"line":8,"column":59}},"8":{"start":{"line":9,"column":0},"end":{"line":9,"column":24}},"9":{"start":{"line":10,"column":0},"end":{"line":10,"column":0}},"10":{"start":{"line":11,"column":0},"end":{"line":11,"column":24}},"11":{"start":{"line":12,"column":0},"end":{"line":12,"column":16}},"12":{"start":{"line":13,"column":0},"end":{"line":13,"column":13}},"13":{"start":{"line":14,"column":0},"end":{"line":14,"column":37}},"14":{"start":{"line":15,"column":0},"end":{"line":15,"column":2}},"15":{"start":{"line":16,"column":0},"end":{"line":16,"column":0}},"16":{"start":{"line":17,"column":0},"end":{"line":17,"column":75}},"17":{"start":{"line":18,"column":0},"end":{"line":18,"column":10}},"18":{"start":{"line":19,"column":0},"end":{"line":19,"column":8}},"19":{"start":{"line":20,"column":0},"end":{"line":20,"column":17}},"20":{"start":{"line":21,"column":0},"end":{"line":21,"column":31}},"21":{"start":{"line":22,"column":0},"end":{"line":22,"column":67}},"22":{"start":{"line":23,"column":0},"end":{"line":23,"column":40}},"23":{"start":{"line":24,"column":0},"end":{"line":24,"column":5}},"24":{"start":{"line":25,"column":0},"end":{"line":25,"column":20}},"25":{"start":{"line":26,"column":0},"end":{"line":26,"column":12}},"26":{"start":{"line":27,"column":0},"end":{"line":27,"column":34}},"27":{"start":{"line":28,"column":0},"end":{"line":28,"column":34}},"28":{"start":{"line":29,"column":0},"end":{"line":29,"column":18}},"29":{"start":{"line":30,"column":0},"end":{"line":30,"column":50}},"30":{"start":{"line":31,"column":0},"end":{"line":31,"column":38}},"31":{"start":{"line":32,"column":0},"end":{"line":32,"column":12}},"32":{"start":{"line":33,"column":0},"end":{"line":33,"column":10}},"33":{"start":{"line":34,"column":0},"end":{"line":34,"column":8}},"34":{"start":{"line":35,"column":0},"end":{"line":35,"column":22}},"35":{"start":{"line":36,"column":0},"end":{"line":36,"column":12}},"36":{"start":{"line":37,"column":0},"end":{"line":37,"column":34}},"37":{"start":{"line":38,"column":0},"end":{"line":38,"column":34}},"38":{"start":{"line":39,"column":0},"end":{"line":39,"column":18}},"39":{"start":{"line":40,"column":0},"end":{"line":40,"column":40}},"40":{"start":{"line":41,"column":0},"end":{"line":41,"column":12}},"41":{"start":{"line":42,"column":0},"end":{"line":42,"column":10}},"42":{"start":{"line":43,"column":0},"end":{"line":43,"column":8}},"43":{"start":{"line":44,"column":0},"end":{"line":44,"column":11}},"44":{"start":{"line":45,"column":0},"end":{"line":45,"column":16}},"45":{"start":{"line":46,"column":0},"end":{"line":46,"column":35}},"46":{"start":{"line":47,"column":0},"end":{"line":47,"column":10}},"47":{"start":{"line":48,"column":0},"end":{"line":48,"column":34}},"48":{"start":{"line":49,"column":0},"end":{"line":49,"column":7}},"49":{"start":{"line":50,"column":0},"end":{"line":50,"column":19}},"50":{"start":{"line":51,"column":0},"end":{"line":51,"column":13}},"51":{"start":{"line":52,"column":0},"end":{"line":52,"column":10}},"52":{"start":{"line":53,"column":0},"end":{"line":53,"column":4}},"53":{"start":{"line":54,"column":0},"end":{"line":54,"column":1}},"54":{"start":{"line":55,"column":0},"end":{"line":55,"column":0}},"55":{"start":{"line":56,"column":0},"end":{"line":56,"column":40}},"56":{"start":{"line":57,"column":0},"end":{"line":57,"column":39}},"57":{"start":{"line":58,"column":0},"end":{"line":58,"column":36}},"58":{"start":{"line":59,"column":0},"end":{"line":59,"column":76}},"59":{"start":{"line":60,"column":0},"end":{"line":60,"column":68}},"60":{"start":{"line":61,"column":0},"end":{"line":61,"column":41}},"61":{"start":{"line":62,"column":0},"end":{"line":62,"column":48}},"62":{"start":{"line":63,"column":0},"end":{"line":63,"column":24}},"63":{"start":{"line":64,"column":0},"end":{"line":64,"column":68}},"64":{"start":{"line":65,"column":0},"end":{"line":65,"column":45}},"65":{"start":{"line":66,"column":0},"end":{"line":66,"column":0}},"66":{"start":{"line":67,"column":0},"end":{"line":67,"column":10}},"67":{"start":{"line":68,"column":0},"end":{"line":68,"column":9}},"68":{"start":{"line":69,"column":0},"end":{"line":69,"column":52}},"69":{"start":{"line":70,"column":0},"end":{"line":70,"column":14}},"70":{"start":{"line":71,"column":0},"end":{"line":71,"column":20}},"71":{"start":{"line":72,"column":0},"end":{"line":72,"column":28}},"72":{"start":{"line":73,"column":0},"end":{"line":73,"column":8}},"73":{"start":{"line":74,"column":0},"end":{"line":74,"column":17}},"74":{"start":{"line":75,"column":0},"end":{"line":75,"column":5}},"75":{"start":{"line":76,"column":0},"end":{"line":76,"column":10}},"76":{"start":{"line":77,"column":0},"end":{"line":77,"column":34}},"77":{"start":{"line":78,"column":0},"end":{"line":78,"column":44}},"78":{"start":{"line":79,"column":0},"end":{"line":79,"column":16}},"79":{"start":{"line":80,"column":0},"end":{"line":80,"column":73}},"80":{"start":{"line":81,"column":0},"end":{"line":81,"column":10}},"81":{"start":{"line":82,"column":0},"end":{"line":82,"column":7}},"82":{"start":{"line":83,"column":0},"end":{"line":83,"column":12}},"83":{"start":{"line":84,"column":0},"end":{"line":84,"column":21}},"84":{"start":{"line":85,"column":0},"end":{"line":85,"column":18}},"85":{"start":{"line":86,"column":0},"end":{"line":86,"column":98}},"86":{"start":{"line":87,"column":0},"end":{"line":87,"column":67}},"87":{"start":{"line":88,"column":0},"end":{"line":88,"column":11}},"88":{"start":{"line":89,"column":0},"end":{"line":89,"column":44}},"89":{"start":{"line":90,"column":0},"end":{"line":90,"column":9}},"90":{"start":{"line":91,"column":0},"end":{"line":91,"column":12}},"91":{"start":{"line":92,"column":0},"end":{"line":92,"column":38}},"92":{"start":{"line":93,"column":0},"end":{"line":93,"column":59}},"93":{"start":{"line":94,"column":0},"end":{"line":94,"column":74}},"94":{"start":{"line":95,"column":0},"end":{"line":95,"column":11}},"95":{"start":{"line":96,"column":0},"end":{"line":96,"column":18}},"96":{"start":{"line":97,"column":0},"end":{"line":97,"column":14}},"97":{"start":{"line":98,"column":0},"end":{"line":98,"column":21}},"98":{"start":{"line":99,"column":0},"end":{"line":99,"column":26}},"99":{"start":{"line":100,"column":0},"end":{"line":100,"column":34}},"100":{"start":{"line":101,"column":0},"end":{"line":101,"column":48}},"101":{"start":{"line":102,"column":0},"end":{"line":102,"column":14}},"102":{"start":{"line":103,"column":0},"end":{"line":103,"column":15}},"103":{"start":{"line":104,"column":0},"end":{"line":104,"column":22}},"104":{"start":{"line":105,"column":0},"end":{"line":105,"column":38}},"105":{"start":{"line":106,"column":0},"end":{"line":106,"column":49}},"106":{"start":{"line":107,"column":0},"end":{"line":107,"column":48}},"107":{"start":{"line":108,"column":0},"end":{"line":108,"column":14}},"108":{"start":{"line":109,"column":0},"end":{"line":109,"column":12}},"109":{"start":{"line":110,"column":0},"end":{"line":110,"column":14}},"110":{"start":{"line":111,"column":0},"end":{"line":111,"column":78}},"111":{"start":{"line":112,"column":0},"end":{"line":112,"column":53}},"112":{"start":{"line":113,"column":0},"end":{"line":113,"column":58}},"113":{"start":{"line":114,"column":0},"end":{"line":114,"column":18}},"114":{"start":{"line":115,"column":0},"end":{"line":115,"column":29}},"115":{"start":{"line":116,"column":0},"end":{"line":116,"column":24}},"116":{"start":{"line":117,"column":0},"end":{"line":117,"column":32}},"117":{"start":{"line":118,"column":0},"end":{"line":118,"column":54}},"118":{"start":{"line":119,"column":0},"end":{"line":119,"column":30}},"119":{"start":{"line":120,"column":0},"end":{"line":120,"column":27}},"120":{"start":{"line":121,"column":0},"end":{"line":121,"column":35}},"121":{"start":{"line":122,"column":0},"end":{"line":122,"column":41}},"122":{"start":{"line":123,"column":0},"end":{"line":123,"column":72}},"123":{"start":{"line":124,"column":0},"end":{"line":124,"column":55}},"124":{"start":{"line":125,"column":0},"end":{"line":125,"column":60}},"125":{"start":{"line":126,"column":0},"end":{"line":126,"column":23}},"126":{"start":{"line":127,"column":0},"end":{"line":127,"column":21}},"127":{"start":{"line":128,"column":0},"end":{"line":128,"column":19}},"128":{"start":{"line":129,"column":0},"end":{"line":129,"column":17}},"129":{"start":{"line":130,"column":0},"end":{"line":130,"column":16}},"130":{"start":{"line":131,"column":0},"end":{"line":131,"column":15}},"131":{"start":{"line":132,"column":0},"end":{"line":132,"column":16}},"132":{"start":{"line":133,"column":0},"end":{"line":133,"column":16}},"133":{"start":{"line":134,"column":0},"end":{"line":134,"column":95}},"134":{"start":{"line":135,"column":0},"end":{"line":135,"column":25}},"135":{"start":{"line":136,"column":0},"end":{"line":136,"column":65}},"136":{"start":{"line":137,"column":0},"end":{"line":137,"column":38}},"137":{"start":{"line":138,"column":0},"end":{"line":138,"column":13}},"138":{"start":{"line":139,"column":0},"end":{"line":139,"column":25}},"139":{"start":{"line":140,"column":0},"end":{"line":140,"column":49}},"140":{"start":{"line":141,"column":0},"end":{"line":141,"column":12}},"141":{"start":{"line":142,"column":0},"end":{"line":142,"column":38}},"142":{"start":{"line":143,"column":0},"end":{"line":143,"column":24}},"143":{"start":{"line":144,"column":0},"end":{"line":144,"column":26}},"144":{"start":{"line":145,"column":0},"end":{"line":145,"column":63}},"145":{"start":{"line":146,"column":0},"end":{"line":146,"column":20}},"146":{"start":{"line":147,"column":0},"end":{"line":147,"column":43}},"147":{"start":{"line":148,"column":0},"end":{"line":148,"column":72}},"148":{"start":{"line":149,"column":0},"end":{"line":149,"column":58}},"149":{"start":{"line":150,"column":0},"end":{"line":150,"column":45}},"150":{"start":{"line":151,"column":0},"end":{"line":151,"column":34}},"151":{"start":{"line":152,"column":0},"end":{"line":152,"column":77}},"152":{"start":{"line":153,"column":0},"end":{"line":153,"column":64}},"153":{"start":{"line":154,"column":0},"end":{"line":154,"column":35}},"154":{"start":{"line":155,"column":0},"end":{"line":155,"column":39}},"155":{"start":{"line":156,"column":0},"end":{"line":156,"column":37}},"156":{"start":{"line":157,"column":0},"end":{"line":157,"column":37}},"157":{"start":{"line":158,"column":0},"end":{"line":158,"column":51}},"158":{"start":{"line":159,"column":0},"end":{"line":159,"column":32}},"159":{"start":{"line":160,"column":0},"end":{"line":160,"column":48}},"160":{"start":{"line":161,"column":0},"end":{"line":161,"column":74}},"161":{"start":{"line":162,"column":0},"end":{"line":162,"column":57}},"162":{"start":{"line":163,"column":0},"end":{"line":163,"column":62}},"163":{"start":{"line":164,"column":0},"end":{"line":164,"column":31}},"164":{"start":{"line":165,"column":0},"end":{"line":165,"column":31}},"165":{"start":{"line":166,"column":0},"end":{"line":166,"column":79}},"166":{"start":{"line":167,"column":0},"end":{"line":167,"column":29}},"167":{"start":{"line":168,"column":0},"end":{"line":168,"column":28}},"168":{"start":{"line":169,"column":0},"end":{"line":169,"column":26}},"169":{"start":{"line":170,"column":0},"end":{"line":170,"column":25}},"170":{"start":{"line":171,"column":0},"end":{"line":171,"column":26}},"171":{"start":{"line":172,"column":0},"end":{"line":172,"column":19}},"172":{"start":{"line":173,"column":0},"end":{"line":173,"column":18}},"173":{"start":{"line":174,"column":0},"end":{"line":174,"column":20}},"174":{"start":{"line":175,"column":0},"end":{"line":175,"column":21}},"175":{"start":{"line":176,"column":0},"end":{"line":176,"column":16}},"176":{"start":{"line":177,"column":0},"end":{"line":177,"column":14}},"177":{"start":{"line":178,"column":0},"end":{"line":178,"column":12}},"178":{"start":{"line":179,"column":0},"end":{"line":179,"column":11}},"179":{"start":{"line":180,"column":0},"end":{"line":180,"column":4}},"180":{"start":{"line":181,"column":0},"end":{"line":181,"column":1}}},"s":{"0":1,"1":1,"2":1,"3":1,"4":1,"5":1,"6":1,"7":1,"8":1,"9":1,"10":1,"11":1,"12":1,"13":1,"14":1,"15":1,"16":4,"17":4,"18":4,"19":4,"20":4,"21":4,"22":4,"23":4,"24":4,"25":3,"26":3,"27":3,"28":3,"29":3,"30":3,"31":3,"32":3,"33":4,"34":4,"35":3,"36":3,"37":3,"38":3,"39":3,"40":3,"41":3,"42":4,"43":4,"44":4,"45":4,"46":4,"47":4,"48":4,"49":4,"50":4,"51":4,"52":4,"53":4,"54":1,"55":14,"56":14,"57":14,"58":14,"59":14,"60":14,"61":14,"62":14,"63":14,"64":14,"65":14,"66":14,"67":14,"68":14,"69":14,"70":14,"71":14,"72":14,"73":14,"74":14,"75":14,"76":14,"77":14,"78":14,"79":14,"80":14,"81":14,"82":14,"83":14,"84":14,"85":14,"86":14,"87":14,"88":14,"89":14,"90":14,"91":14,"92":14,"93":14,"94":14,"95":14,"96":14,"97":14,"98":13,"99":13,"100":13,"101":13,"102":14,"103":0,"104":0,"105":0,"106":0,"107":0,"108":14,"109":14,"110":14,"111":14,"112":14,"113":2,"114":2,"115":2,"116":2,"117":2,"118":2,"119":1,"120":1,"121":1,"122":1,"123":2,"124":1,"125":1,"126":1,"127":2,"128":2,"129":2,"130":14,"131":14,"132":14,"133":14,"134":14,"135":14,"136":10,"137":14,"138":14,"139":14,"140":14,"141":14,"142":14,"143":0,"144":0,"145":0,"146":14,"147":0,"148":0,"149":0,"150":0,"151":0,"152":0,"153":0,"154":0,"155":0,"156":0,"157":0,"158":0,"159":0,"160":0,"161":0,"162":0,"163":0,"164":0,"165":0,"166":0,"167":0,"168":0,"169":0,"170":0,"171":0,"172":0,"173":0,"174":14,"175":14,"176":14,"177":14,"178":14,"179":14,"180":14},"branchMap":{"0":{"type":"branch","line":17,"loc":{"start":{"line":17,"column":0},"end":{"line":54,"column":1}},"locations":[{"start":{"line":17,"column":0},"end":{"line":54,"column":1}}]},"1":{"type":"branch","line":25,"loc":{"start":{"line":25,"column":15},"end":{"line":33,"column":10}},"locations":[{"start":{"line":25,"column":15},"end":{"line":33,"column":10}}]},"2":{"type":"branch","line":35,"loc":{"start":{"line":35,"column":17},"end":{"line":42,"column":10}},"locations":[{"start":{"line":35,"column":17},"end":{"line":42,"column":10}}]},"3":{"type":"branch","line":23,"loc":{"start":{"line":23,"column":15},"end":{"line":23,"column":39}},"locations":[{"start":{"line":23,"column":15},"end":{"line":23,"column":39}}]},"4":{"type":"branch","line":56,"loc":{"start":{"line":56,"column":0},"end":{"line":181,"column":1}},"locations":[{"start":{"line":56,"column":0},"end":{"line":181,"column":1}}]},"5":{"type":"branch","line":64,"loc":{"start":{"line":64,"column":8},"end":{"line":64,"column":27}},"locations":[{"start":{"line":64,"column":8},"end":{"line":64,"column":27}}]},"6":{"type":"branch","line":64,"loc":{"start":{"line":64,"column":28},"end":{"line":64,"column":55}},"locations":[{"start":{"line":64,"column":28},"end":{"line":64,"column":55}}]},"7":{"type":"branch","line":64,"loc":{"start":{"line":64,"column":56},"end":{"line":64,"column":67}},"locations":[{"start":{"line":64,"column":56},"end":{"line":64,"column":67}}]},"8":{"type":"branch","line":80,"loc":{"start":{"line":80,"column":49},"end":{"line":80,"column":60}},"locations":[{"start":{"line":80,"column":49},"end":{"line":80,"column":60}}]},"9":{"type":"branch","line":80,"loc":{"start":{"line":80,"column":61},"end":{"line":80,"column":72}},"locations":[{"start":{"line":80,"column":61},"end":{"line":80,"column":72}}]},"10":{"type":"branch","line":86,"loc":{"start":{"line":86,"column":14},"end":{"line":86,"column":98}},"locations":[{"start":{"line":86,"column":14},"end":{"line":86,"column":98}}]},"11":{"type":"branch","line":87,"loc":{"start":{"line":87,"column":14},"end":{"line":87,"column":67}},"locations":[{"start":{"line":87,"column":14},"end":{"line":87,"column":67}}]},"12":{"type":"branch","line":93,"loc":{"start":{"line":93,"column":30},"end":{"line":93,"column":37}},"locations":[{"start":{"line":93,"column":30},"end":{"line":93,"column":37}}]},"13":{"type":"branch","line":93,"loc":{"start":{"line":93,"column":38},"end":{"line":93,"column":58}},"locations":[{"start":{"line":93,"column":38},"end":{"line":93,"column":58}}]},"14":{"type":"branch","line":94,"loc":{"start":{"line":94,"column":50},"end":{"line":94,"column":61}},"locations":[{"start":{"line":94,"column":50},"end":{"line":94,"column":61}}]},"15":{"type":"branch","line":94,"loc":{"start":{"line":94,"column":62},"end":{"line":94,"column":71}},"locations":[{"start":{"line":94,"column":62},"end":{"line":94,"column":71}}]},"16":{"type":"branch","line":98,"loc":{"start":{"line":98,"column":18},"end":{"line":102,"column":14}},"locations":[{"start":{"line":98,"column":18},"end":{"line":102,"column":14}}]},"17":{"type":"branch","line":103,"loc":{"start":{"line":103,"column":12},"end":{"line":108,"column":14}},"locations":[{"start":{"line":103,"column":12},"end":{"line":108,"column":14}}]},"18":{"type":"branch","line":111,"loc":{"start":{"line":111,"column":31},"end":{"line":111,"column":41}},"locations":[{"start":{"line":111,"column":31},"end":{"line":111,"column":41}}]},"19":{"type":"branch","line":111,"loc":{"start":{"line":111,"column":42},"end":{"line":111,"column":58}},"locations":[{"start":{"line":111,"column":42},"end":{"line":111,"column":58}}]},"20":{"type":"branch","line":143,"loc":{"start":{"line":143,"column":21},"end":{"line":146,"column":20}},"locations":[{"start":{"line":143,"column":21},"end":{"line":146,"column":20}}]},"21":{"type":"branch","line":147,"loc":{"start":{"line":147,"column":14},"end":{"line":175,"column":20}},"locations":[{"start":{"line":147,"column":14},"end":{"line":175,"column":20}}]},"22":{"type":"branch","line":147,"loc":{"start":{"line":147,"column":21},"end":{"line":147,"column":39}},"locations":[{"start":{"line":147,"column":21},"end":{"line":147,"column":39}}]},"23":{"type":"branch","line":147,"loc":{"start":{"line":147,"column":40},"end":{"line":174,"column":20}},"locations":[{"start":{"line":147,"column":40},"end":{"line":174,"column":20}}]},"24":{"type":"branch","line":59,"loc":{"start":{"line":59,"column":37},"end":{"line":59,"column":74}},"locations":[{"start":{"line":59,"column":37},"end":{"line":59,"column":74}}]},"25":{"type":"branch","line":60,"loc":{"start":{"line":60,"column":33},"end":{"line":60,"column":66}},"locations":[{"start":{"line":60,"column":33},"end":{"line":60,"column":66}}]},"26":{"type":"branch","line":113,"loc":{"start":{"line":113,"column":29},"end":{"line":130,"column":16}},"locations":[{"start":{"line":113,"column":29},"end":{"line":130,"column":16}}]},"27":{"type":"branch","line":119,"loc":{"start":{"line":119,"column":25},"end":{"line":127,"column":21}},"locations":[{"start":{"line":119,"column":25},"end":{"line":127,"column":21}}]},"28":{"type":"branch","line":123,"loc":{"start":{"line":123,"column":24},"end":{"line":125,"column":60}},"locations":[{"start":{"line":123,"column":24},"end":{"line":125,"column":60}}]},"29":{"type":"branch","line":124,"loc":{"start":{"line":124,"column":52},"end":{"line":125,"column":60}},"locations":[{"start":{"line":124,"column":52},"end":{"line":125,"column":60}}]},"30":{"type":"branch","line":136,"loc":{"start":{"line":136,"column":22},"end":{"line":137,"column":38}},"locations":[{"start":{"line":136,"column":22},"end":{"line":137,"column":38}}]}},"b":{"0":[4],"1":[3],"2":[3],"3":[1],"4":[14],"5":[13],"6":[0],"7":[13],"8":[11],"9":[2],"10":[13],"11":[0],"12":[13],"13":[0],"14":[11],"15":[2],"16":[13],"17":[0],"18":[13],"19":[0],"20":[0],"21":[13],"22":[10],"23":[0],"24":[16],"25":[16],"26":[2],"27":[1],"28":[2],"29":[1],"30":[10]},"fnMap":{"0":{"name":"SearchItem","decl":{"start":{"line":17,"column":0},"end":{"line":54,"column":1}},"loc":{"start":{"line":17,"column":0},"end":{"line":54,"column":1}},"line":17},"1":{"name":"onClick","decl":{"start":{"line":23,"column":15},"end":{"line":23,"column":39}},"loc":{"start":{"line":23,"column":15},"end":{"line":23,"column":39}},"line":23},"2":{"name":"EntitySearch","decl":{"start":{"line":56,"column":0},"end":{"line":181,"column":1}},"loc":{"start":{"line":56,"column":0},"end":{"line":181,"column":1}},"line":56},"3":{"name":"onClick","decl":{"start":{"line":89,"column":19},"end":{"line":89,"column":43}},"loc":{"start":{"line":89,"column":19},"end":{"line":89,"column":43}},"line":89},"4":{"name":"onClick","decl":{"start":{"line":101,"column":23},"end":{"line":101,"column":47}},"loc":{"start":{"line":101,"column":23},"end":{"line":101,"column":47}},"line":101},"5":{"name":"onClick","decl":{"start":{"line":107,"column":23},"end":{"line":107,"column":47}},"loc":{"start":{"line":107,"column":23},"end":{"line":107,"column":47}},"line":107},"6":{"name":"onClick","decl":{"start":{"line":119,"column":25},"end":{"line":127,"column":21}},"loc":{"start":{"line":119,"column":25},"end":{"line":127,"column":21}},"line":119},"7":{"name":"onChange","decl":{"start":{"line":136,"column":22},"end":{"line":137,"column":38}},"loc":{"start":{"line":136,"column":22},"end":{"line":137,"column":38}},"line":136}},"f":{"0":4,"1":1,"2":14,"3":0,"4":0,"5":0,"6":1,"7":10}}
,"/Users/gokhansisman/projects/deploy/github/protspace/frontend/src/components/ErrorModal.tsx": {"path":"/Users/gokhansisman/projects/deploy/github/protspace/frontend/src/components/ErrorModal.tsx","all":false,"statementMap":{"0":{"start":{"line":1,"column":0},"end":{"line":1,"column":27}},"1":{"start":{"line":2,"column":0},"end":{"line":2,"column":66}},"2":{"start":{"line":3,"column":0},"end":{"line":3,"column":60}},"3":{"start":{"line":4,"column":0},"end":{"line":4,"column":47}},"4":{"start":{"line":5,"column":0},"end":{"line":5,"column":0}},"5":{"start":{"line":6,"column":0},"end":{"line":6,"column":30}},"6":{"start":{"line":7,"column":0},"end":{"line":7,"column":36}},"7":{"start":{"line":8,"column":0},"end":{"line":8,"column":69}},"8":{"start":{"line":9,"column":0},"end":{"line":9,"column":33}},"9":{"start":{"line":10,"column":0},"end":{"line":10,"column":10}},"10":{"start":{"line":11,"column":0},"end":{"line":11,"column":96}},"11":{"start":{"line":12,"column":0},"end":{"line":12,"column":73}},"12":{"start":{"line":13,"column":0},"end":{"line":13,"column":37}},"13":{"start":{"line":14,"column":0},"end":{"line":14,"column":77}},"14":{"start":{"line":15,"column":0},"end":{"line":15,"column":65}},"15":{"start":{"line":16,"column":0},"end":{"line":16,"column":47}},"16":{"start":{"line":17,"column":0},"end":{"line":17,"column":43}},"17":{"start":{"line":18,"column":0},"end":{"line":18,"column":33}},"18":{"start":{"line":19,"column":0},"end":{"line":19,"column":22}},"19":{"start":{"line":20,"column":0},"end":{"line":20,"column":28}},"20":{"start":{"line":21,"column":0},"end":{"line":21,"column":23}},"21":{"start":{"line":22,"column":0},"end":{"line":22,"column":16}},"22":{"start":{"line":23,"column":0},"end":{"line":23,"column":14}},"23":{"start":{"line":24,"column":0},"end":{"line":24,"column":14}},"24":{"start":{"line":25,"column":0},"end":{"line":25,"column":47}},"25":{"start":{"line":26,"column":0},"end":{"line":26,"column":17}},"26":{"start":{"line":27,"column":0},"end":{"line":27,"column":112}},"27":{"start":{"line":28,"column":0},"end":{"line":28,"column":28}},"28":{"start":{"line":29,"column":0},"end":{"line":29,"column":44}},"29":{"start":{"line":30,"column":0},"end":{"line":30,"column":26}},"30":{"start":{"line":31,"column":0},"end":{"line":31,"column":14}},"31":{"start":{"line":32,"column":0},"end":{"line":32,"column":11}},"32":{"start":{"line":33,"column":0},"end":{"line":33,"column":17}},"33":{"start":{"line":34,"column":0},"end":{"line":34,"column":19}},"34":{"start":{"line":35,"column":0},"end":{"line":35,"column":14}},"35":{"start":{"line":36,"column":0},"end":{"line":36,"column":12}},"36":{"start":{"line":37,"column":0},"end":{"line":37,"column":10}},"37":{"start":{"line":38,"column":0},"end":{"line":38,"column":4}},"38":{"start":{"line":39,"column":0},"end":{"line":39,"column":2}},"39":{"start":{"line":40,"column":0},"end":{"line":40,"column":0}},"40":{"start":{"line":41,"column":0},"end":{"line":41,"column":26}}},"s":{"0":1,"1":1,"2":1,"3":1,"4":1,"5":1,"6":3,"7":3,"8":3,"9":3,"10":3,"11":3,"12":3,"13":3,"14":3,"15":3,"16":3,"17":3,"18":3,"19":3,"20":3,"21":3,"22":3,"23":3,"24":3,"25":3,"26":3,"27":3,"28":1,"29":1,"30":3,"31":3,"32":3,"33":3,"34":3,"35":3,"36":3,"37":3,"38":3,"39":1,"40":1},"branchMap":{"0":{"type":"branch","line":6,"loc":{"start":{"line":6,"column":23},"end":{"line":39,"column":2}},"locations":[{"start":{"line":6,"column":23},"end":{"line":39,"column":2}}]},"1":{"type":"branch","line":8,"loc":{"start":{"line":8,"column":42},"end":{"line":8,"column":67}},"locations":[{"start":{"line":8,"column":42},"end":{"line":8,"column":67}}]},"2":{"type":"branch","line":28,"loc":{"start":{"line":28,"column":21},"end":{"line":31,"column":13}},"locations":[{"start":{"line":28,"column":21},"end":{"line":31,"column":13}}]}},"b":{"0":[3],"1":[6],"2":[1]},"fnMap":{"0":{"name":"ErrorModal","decl":{"start":{"line":6,"column":23},"end":{"line":39,"column":2}},"loc":{"start":{"line":6,"column":23},"end":{"line":39,"column":2}},"line":6},"1":{"name":"onClick","decl":{"start":{"line":28,"column":21},"end":{"line":31,"column":13}},"loc":{"start":{"line":28,"column":21},"end":{"line":31,"column":13}},"line":28}},"f":{"0":3,"1":1}}
,"/Users/gokhansisman/projects/deploy/github/protspace/frontend/src/components/FileUploadFormModal.tsx": {"path":"/Users/gokhansisman/projects/deploy/github/protspace/frontend/src/components/FileUploadFormModal.tsx","all":false,"statementMap":{"0":{"start":{"line":1,"column":0},"end":{"line":1,"column":54}},"1":{"start":{"line":2,"column":0},"end":{"line":2,"column":26}},"2":{"start":{"line":3,"column":0},"end":{"line":3,"column":66}},"3":{"start":{"line":4,"column":0},"end":{"line":4,"column":57}},"4":{"start":{"line":5,"column":0},"end":{"line":5,"column":0}},"5":{"start":{"line":6,"column":0},"end":{"line":6,"column":37}},"6":{"start":{"line":7,"column":0},"end":{"line":7,"column":18}},"7":{"start":{"line":8,"column":0},"end":{"line":8,"column":21}},"8":{"start":{"line":9,"column":0},"end":{"line":9,"column":9}},"9":{"start":{"line":10,"column":0},"end":{"line":10,"column":36}},"10":{"start":{"line":11,"column":0},"end":{"line":11,"column":79}},"11":{"start":{"line":12,"column":0},"end":{"line":12,"column":0}},"12":{"start":{"line":13,"column":0},"end":{"line":13,"column":33}},"13":{"start":{"line":14,"column":0},"end":{"line":14,"column":47}},"14":{"start":{"line":15,"column":0},"end":{"line":15,"column":8}},"15":{"start":{"line":16,"column":0},"end":{"line":16,"column":47}},"16":{"start":{"line":17,"column":0},"end":{"line":17,"column":4}},"17":{"start":{"line":18,"column":0},"end":{"line":18,"column":0}},"18":{"start":{"line":19,"column":0},"end":{"line":19,"column":25}},"19":{"start":{"line":20,"column":0},"end":{"line":20,"column":16}},"20":{"start":{"line":21,"column":0},"end":{"line":21,"column":3}},"21":{"start":{"line":22,"column":0},"end":{"line":22,"column":0}},"22":{"start":{"line":23,"column":0},"end":{"line":23,"column":10}},"23":{"start":{"line":24,"column":0},"end":{"line":24,"column":57}},"24":{"start":{"line":25,"column":0},"end":{"line":25,"column":75}},"25":{"start":{"line":26,"column":0},"end":{"line":26,"column":91}},"26":{"start":{"line":27,"column":0},"end":{"line":27,"column":129}},"27":{"start":{"line":28,"column":0},"end":{"line":28,"column":51}},"28":{"start":{"line":29,"column":0},"end":{"line":29,"column":68}},"29":{"start":{"line":30,"column":0},"end":{"line":30,"column":79}},"30":{"start":{"line":31,"column":0},"end":{"line":31,"column":21}},"31":{"start":{"line":32,"column":0},"end":{"line":32,"column":34}},"32":{"start":{"line":33,"column":0},"end":{"line":33,"column":106}},"33":{"start":{"line":34,"column":0},"end":{"line":34,"column":57}},"34":{"start":{"line":35,"column":0},"end":{"line":35,"column":15}},"35":{"start":{"line":36,"column":0},"end":{"line":36,"column":63}},"36":{"start":{"line":37,"column":0},"end":{"line":37,"column":23}},"37":{"start":{"line":38,"column":0},"end":{"line":38,"column":18}},"38":{"start":{"line":39,"column":0},"end":{"line":39,"column":34}},"39":{"start":{"line":40,"column":0},"end":{"line":40,"column":36}},"40":{"start":{"line":41,"column":0},"end":{"line":41,"column":68}},"41":{"start":{"line":42,"column":0},"end":{"line":42,"column":39}},"42":{"start":{"line":43,"column":0},"end":{"line":43,"column":56}},"43":{"start":{"line":44,"column":0},"end":{"line":44,"column":49}},"44":{"start":{"line":45,"column":0},"end":{"line":45,"column":27}},"45":{"start":{"line":46,"column":0},"end":{"line":46,"column":20}},"46":{"start":{"line":47,"column":0},"end":{"line":47,"column":68}},"47":{"start":{"line":48,"column":0},"end":{"line":48,"column":33}},"48":{"start":{"line":49,"column":0},"end":{"line":49,"column":56}},"49":{"start":{"line":50,"column":0},"end":{"line":50,"column":55}},"50":{"start":{"line":51,"column":0},"end":{"line":51,"column":27}},"51":{"start":{"line":52,"column":0},"end":{"line":52,"column":20}},"52":{"start":{"line":53,"column":0},"end":{"line":53,"column":22}},"53":{"start":{"line":54,"column":0},"end":{"line":54,"column":38}},"54":{"start":{"line":55,"column":0},"end":{"line":55,"column":72}},"55":{"start":{"line":56,"column":0},"end":{"line":56,"column":17}},"56":{"start":{"line":57,"column":0},"end":{"line":57,"column":29}},"57":{"start":{"line":58,"column":0},"end":{"line":58,"column":24}},"58":{"start":{"line":59,"column":0},"end":{"line":59,"column":58}},"59":{"start":{"line":60,"column":0},"end":{"line":60,"column":57}},"60":{"start":{"line":61,"column":0},"end":{"line":61,"column":44}},"61":{"start":{"line":62,"column":0},"end":{"line":62,"column":24}},"62":{"start":{"line":63,"column":0},"end":{"line":63,"column":21}},"63":{"start":{"line":64,"column":0},"end":{"line":64,"column":25}},"64":{"start":{"line":65,"column":0},"end":{"line":65,"column":52}},"65":{"start":{"line":66,"column":0},"end":{"line":66,"column":35}},"66":{"start":{"line":67,"column":0},"end":{"line":67,"column":195}},"67":{"start":{"line":68,"column":0},"end":{"line":68,"column":37}},"68":{"start":{"line":69,"column":0},"end":{"line":69,"column":19}},"69":{"start":{"line":70,"column":0},"end":{"line":70,"column":37}},"70":{"start":{"line":71,"column":0},"end":{"line":71,"column":23}},"71":{"start":{"line":72,"column":0},"end":{"line":72,"column":40}},"72":{"start":{"line":73,"column":0},"end":{"line":73,"column":59}},"73":{"start":{"line":74,"column":0},"end":{"line":74,"column":28}},"74":{"start":{"line":75,"column":0},"end":{"line":75,"column":68}},"75":{"start":{"line":76,"column":0},"end":{"line":76,"column":57}},"76":{"start":{"line":77,"column":0},"end":{"line":77,"column":33}},"77":{"start":{"line":78,"column":0},"end":{"line":78,"column":23}},"78":{"start":{"line":79,"column":0},"end":{"line":79,"column":22}},"79":{"start":{"line":80,"column":0},"end":{"line":80,"column":27}},"80":{"start":{"line":81,"column":0},"end":{"line":81,"column":18}},"81":{"start":{"line":82,"column":0},"end":{"line":82,"column":20}},"82":{"start":{"line":83,"column":0},"end":{"line":83,"column":53}},"83":{"start":{"line":84,"column":0},"end":{"line":84,"column":23}},"84":{"start":{"line":85,"column":0},"end":{"line":85,"column":236}},"85":{"start":{"line":86,"column":0},"end":{"line":86,"column":34}},"86":{"start":{"line":87,"column":0},"end":{"line":87,"column":54}},"87":{"start":{"line":88,"column":0},"end":{"line":88,"column":46}},"88":{"start":{"line":89,"column":0},"end":{"line":89,"column":20}},"89":{"start":{"line":90,"column":0},"end":{"line":90,"column":17}},"90":{"start":{"line":91,"column":0},"end":{"line":91,"column":22}},"91":{"start":{"line":92,"column":0},"end":{"line":92,"column":25}},"92":{"start":{"line":93,"column":0},"end":{"line":93,"column":20}},"93":{"start":{"line":94,"column":0},"end":{"line":94,"column":18}},"94":{"start":{"line":95,"column":0},"end":{"line":95,"column":16}},"95":{"start":{"line":96,"column":0},"end":{"line":96,"column":14}},"96":{"start":{"line":97,"column":0},"end":{"line":97,"column":12}},"97":{"start":{"line":98,"column":0},"end":{"line":98,"column":10}},"98":{"start":{"line":99,"column":0},"end":{"line":99,"column":4}},"99":{"start":{"line":100,"column":0},"end":{"line":100,"column":1}}},"s":{"0":1,"1":1,"2":1,"3":1,"4":1,"5":4,"6":4,"7":4,"8":4,"9":4,"10":4,"11":4,"12":4,"13":1,"14":1,"15":1,"16":4,"17":4,"18":4,"19":1,"20":1,"21":3,"22":3,"23":4,"24":4,"25":4,"26":4,"27":4,"28":4,"29":4,"30":4,"31":4,"32":4,"33":4,"34":4,"35":4,"36":4,"37":4,"38":4,"39":4,"40":4,"41":4,"42":4,"43":4,"44":4,"45":4,"46":4,"47":4,"48":4,"49":4,"50":4,"51":4,"52":4,"53":4,"54":4,"55":4,"56":4,"57":4,"58":4,"59":0,"60":0,"61":0,"62":4,"63":3,"64":3,"65":3,"66":3,"67":3,"68":3,"69":3,"70":3,"71":3,"72":3,"73":3,"74":3,"75":3,"76":3,"77":3,"78":3,"79":3,"80":4,"81":4,"82":4,"83":4,"84":4,"85":4,"86":1,"87":1,"88":4,"89":4,"90":4,"91":4,"92":4,"93":4,"94":4,"95":4,"96":4,"97":4,"98":4,"99":4},"branchMap":{"0":{"type":"branch","line":6,"loc":{"start":{"line":6,"column":0},"end":{"line":100,"column":1}},"locations":[{"start":{"line":6,"column":0},"end":{"line":100,"column":1}}]},"1":{"type":"branch","line":19,"loc":{"start":{"line":19,"column":24},"end":{"line":21,"column":3}},"locations":[{"start":{"line":19,"column":24},"end":{"line":21,"column":3}}]},"2":{"type":"branch","line":22,"loc":{"start":{"line":22,"column":-1},"end":{"line":24,"column":44}},"locations":[{"start":{"line":22,"column":-1},"end":{"line":24,"column":44}}]},"3":{"type":"branch","line":24,"loc":{"start":{"line":24,"column":45},"end":{"line":24,"column":55}},"locations":[{"start":{"line":24,"column":45},"end":{"line":24,"column":55}}]},"4":{"type":"branch","line":44,"loc":{"start":{"line":44,"column":20},"end":{"line":44,"column":49}},"locations":[{"start":{"line":44,"column":20},"end":{"line":44,"column":49}}]},"5":{"type":"branch","line":45,"loc":{"start":{"line":45,"column":20},"end":{"line":45,"column":26}},"locations":[{"start":{"line":45,"column":20},"end":{"line":45,"column":26}}]},"6":{"type":"branch","line":50,"loc":{"start":{"line":50,"column":20},"end":{"line":50,"column":55}},"locations":[{"start":{"line":50,"column":20},"end":{"line":50,"column":55}}]},"7":{"type":"branch","line":51,"loc":{"start":{"line":51,"column":20},"end":{"line":51,"column":26}},"locations":[{"start":{"line":51,"column":20},"end":{"line":51,"column":26}}]},"8":{"type":"branch","line":59,"loc":{"start":{"line":59,"column":55},"end":{"line":62,"column":24}},"locations":[{"start":{"line":59,"column":55},"end":{"line":62,"column":24}}]},"9":{"type":"branch","line":63,"loc":{"start":{"line":63,"column":18},"end":{"line":80,"column":27}},"locations":[{"start":{"line":63,"column":18},"end":{"line":80,"column":27}}]},"10":{"type":"branch","line":11,"loc":{"start":{"line":11,"column":52},"end":{"line":11,"column":77}},"locations":[{"start":{"line":11,"column":52},"end":{"line":11,"column":77}}]},"11":{"type":"branch","line":13,"loc":{"start":{"line":13,"column":32},"end":{"line":17,"column":3}},"locations":[{"start":{"line":13,"column":32},"end":{"line":17,"column":3}}]},"12":{"type":"branch","line":34,"loc":{"start":{"line":34,"column":25},"end":{"line":34,"column":56}},"locations":[{"start":{"line":34,"column":25},"end":{"line":34,"column":56}}]},"13":{"type":"branch","line":71,"loc":{"start":{"line":71,"column":22},"end":{"line":77,"column":33}},"locations":[{"start":{"line":71,"column":22},"end":{"line":77,"column":33}}]},"14":{"type":"branch","line":86,"loc":{"start":{"line":86,"column":27},"end":{"line":89,"column":19}},"locations":[{"start":{"line":86,"column":27},"end":{"line":89,"column":19}}]}},"b":{"0":[4],"1":[1],"2":[3],"3":[0],"4":[3],"5":[0],"6":[3],"7":[0],"8":[0],"9":[3],"10":[8],"11":[1],"12":[1],"13":[3],"14":[1]},"fnMap":{"0":{"name":"FileUploadFormModal","decl":{"start":{"line":6,"column":0},"end":{"line":100,"column":1}},"loc":{"start":{"line":6,"column":0},"end":{"line":100,"column":1}},"line":6},"1":{"name":"handleTechniqueChange","decl":{"start":{"line":13,"column":32},"end":{"line":17,"column":3}},"loc":{"start":{"line":13,"column":32},"end":{"line":17,"column":3}},"line":13},"2":{"name":"onClick","decl":{"start":{"line":34,"column":25},"end":{"line":34,"column":56}},"loc":{"start":{"line":34,"column":25},"end":{"line":34,"column":56}},"line":34},"3":{"name":"onClick","decl":{"start":{"line":86,"column":27},"end":{"line":89,"column":19}},"loc":{"start":{"line":86,"column":27},"end":{"line":89,"column":19}},"line":86}},"f":{"0":4,"1":1,"2":1,"3":1}}
,"/Users/gokhansisman/projects/deploy/github/protspace/frontend/src/components/Guideline.tsx": {"path":"/Users/gokhansisman/projects/deploy/github/protspace/frontend/src/components/Guideline.tsx","all":false,"statementMap":{"0":{"start":{"line":1,"column":0},"end":{"line":1,"column":26}},"1":{"start":{"line":2,"column":0},"end":{"line":2,"column":24}},"2":{"start":{"line":3,"column":0},"end":{"line":3,"column":0}},"3":{"start":{"line":4,"column":0},"end":{"line":4,"column":39}},"4":{"start":{"line":5,"column":0},"end":{"line":5,"column":10}},"5":{"start":{"line":6,"column":0},"end":{"line":6,"column":9}},"6":{"start":{"line":7,"column":0},"end":{"line":7,"column":13}},"7":{"start":{"line":8,"column":0},"end":{"line":8,"column":27}},"8":{"start":{"line":9,"column":0},"end":{"line":9,"column":27}},"9":{"start":{"line":10,"column":0},"end":{"line":10,"column":11}},"10":{"start":{"line":11,"column":0},"end":{"line":11,"column":73}},"11":{"start":{"line":12,"column":0},"end":{"line":12,"column":48}},"12":{"start":{"line":13,"column":0},"end":{"line":13,"column":12}},"13":{"start":{"line":14,"column":0},"end":{"line":14,"column":12}},"14":{"start":{"line":15,"column":0},"end":{"line":15,"column":10}},"15":{"start":{"line":16,"column":0},"end":{"line":16,"column":4}},"16":{"start":{"line":17,"column":0},"end":{"line":17,"column":2}},"17":{"start":{"line":18,"column":0},"end":{"line":18,"column":0}},"18":{"start":{"line":19,"column":0},"end":{"line":19,"column":29}}},"s":{"0":1,"1":1,"2":1,"3":1,"4":1,"5":1,"6":1,"7":1,"8":1,"9":1,"10":1,"11":1,"12":1,"13":1,"14":1,"15":1,"16":1,"17":1,"18":1},"branchMap":{"0":{"type":"branch","line":4,"loc":{"start":{"line":4,"column":32},"end":{"line":17,"column":2}},"locations":[{"start":{"line":4,"column":32},"end":{"line":17,"column":2}}]}},"b":{"0":[1]},"fnMap":{"0":{"name":"GuidelineComp","decl":{"start":{"line":4,"column":32},"end":{"line":17,"column":2}},"loc":{"start":{"line":4,"column":32},"end":{"line":17,"column":2}},"line":4}},"f":{"0":1}}
,"/Users/gokhansisman/projects/deploy/github/protspace/frontend/src/components/Nav.tsx": {"path":"/Users/gokhansisman/projects/deploy/github/protspace/frontend/src/components/Nav.tsx","all":false,"statementMap":{"0":{"start":{"line":1,"column":0},"end":{"line":1,"column":13}},"1":{"start":{"line":2,"column":0},"end":{"line":2,"column":48}},"2":{"start":{"line":3,"column":0},"end":{"line":3,"column":45}},"3":{"start":{"line":4,"column":0},"end":{"line":4,"column":0}},"4":{"start":{"line":5,"column":0},"end":{"line":5,"column":31}},"5":{"start":{"line":6,"column":0},"end":{"line":6,"column":39}},"6":{"start":{"line":7,"column":0},"end":{"line":7,"column":10}},"7":{"start":{"line":8,"column":0},"end":{"line":8,"column":33}},"8":{"start":{"line":9,"column":0},"end":{"line":9,"column":41}},"9":{"start":{"line":10,"column":0},"end":{"line":10,"column":52}},"10":{"start":{"line":11,"column":0},"end":{"line":11,"column":75}},"11":{"start":{"line":12,"column":0},"end":{"line":12,"column":13}},"12":{"start":{"line":13,"column":0},"end":{"line":13,"column":49}},"13":{"start":{"line":14,"column":0},"end":{"line":14,"column":65}},"14":{"start":{"line":15,"column":0},"end":{"line":15,"column":13}},"15":{"start":{"line":16,"column":0},"end":{"line":16,"column":14}},"16":{"start":{"line":17,"column":0},"end":{"line":17,"column":11}},"17":{"start":{"line":18,"column":0},"end":{"line":18,"column":21}},"18":{"start":{"line":19,"column":0},"end":{"line":19,"column":15}},"19":{"start":{"line":20,"column":0},"end":{"line":20,"column":12}},"20":{"start":{"line":21,"column":0},"end":{"line":21,"column":12}},"21":{"start":{"line":22,"column":0},"end":{"line":22,"column":11}},"22":{"start":{"line":23,"column":0},"end":{"line":23,"column":66}},"23":{"start":{"line":24,"column":0},"end":{"line":24,"column":14}},"24":{"start":{"line":25,"column":0},"end":{"line":25,"column":31}},"25":{"start":{"line":26,"column":0},"end":{"line":26,"column":65}},"26":{"start":{"line":27,"column":0},"end":{"line":27,"column":15}},"27":{"start":{"line":28,"column":0},"end":{"line":28,"column":11}},"28":{"start":{"line":29,"column":0},"end":{"line":29,"column":47}},"29":{"start":{"line":30,"column":0},"end":{"line":30,"column":46}},"30":{"start":{"line":31,"column":0},"end":{"line":31,"column":16}},"31":{"start":{"line":32,"column":0},"end":{"line":32,"column":12}},"32":{"start":{"line":33,"column":0},"end":{"line":33,"column":12}},"33":{"start":{"line":34,"column":0},"end":{"line":34,"column":10}},"34":{"start":{"line":35,"column":0},"end":{"line":35,"column":4}},"35":{"start":{"line":36,"column":0},"end":{"line":36,"column":1}}},"s":{"0":1,"1":1,"2":1,"3":1,"4":2,"5":2,"6":2,"7":2,"8":2,"9":2,"10":2,"11":2,"12":2,"13":2,"14":2,"15":2,"16":2,"17":2,"18":2,"19":2,"20":2,"21":2,"22":2,"23":2,"24":2,"25":2,"26":2,"27":2,"28":2,"29":2,"30":2,"31":2,"32":2,"33":2,"34":2,"35":2},"branchMap":{"0":{"type":"branch","line":5,"loc":{"start":{"line":5,"column":0},"end":{"line":36,"column":1}},"locations":[{"start":{"line":5,"column":0},"end":{"line":36,"column":1}}]},"1":{"type":"branch","line":11,"loc":{"start":{"line":11,"column":52},"end":{"line":11,"column":61}},"locations":[{"start":{"line":11,"column":52},"end":{"line":11,"column":61}}]},"2":{"type":"branch","line":11,"loc":{"start":{"line":11,"column":62},"end":{"line":11,"column":71}},"locations":[{"start":{"line":11,"column":62},"end":{"line":11,"column":71}}]},"3":{"type":"branch","line":14,"loc":{"start":{"line":14,"column":36},"end":{"line":14,"column":50}},"locations":[{"start":{"line":14,"column":36},"end":{"line":14,"column":50}}]},"4":{"type":"branch","line":14,"loc":{"start":{"line":14,"column":51},"end":{"line":14,"column":65}},"locations":[{"start":{"line":14,"column":51},"end":{"line":14,"column":65}}]},"5":{"type":"branch","line":26,"loc":{"start":{"line":26,"column":36},"end":{"line":26,"column":50}},"locations":[{"start":{"line":26,"column":36},"end":{"line":26,"column":50}}]},"6":{"type":"branch","line":26,"loc":{"start":{"line":26,"column":51},"end":{"line":26,"column":65}},"locations":[{"start":{"line":26,"column":51},"end":{"line":26,"column":65}}]}},"b":{"0":[2],"1":[1],"2":[1],"3":[1],"4":[1],"5":[1],"6":[1]},"fnMap":{"0":{"name":"Nav","decl":{"start":{"line":5,"column":0},"end":{"line":36,"column":1}},"loc":{"start":{"line":5,"column":0},"end":{"line":36,"column":1}},"line":5}},"f":{"0":2}}
,"/Users/gokhansisman/projects/deploy/github/protspace/frontend/src/components/Tag.tsx": {"path":"/Users/gokhansisman/projects/deploy/github/protspace/frontend/src/components/Tag.tsx","all":false,"statementMap":{"0":{"start":{"line":1,"column":0},"end":{"line":1,"column":54}},"1":{"start":{"line":2,"column":0},"end":{"line":2,"column":35}},"2":{"start":{"line":3,"column":0},"end":{"line":3,"column":49}},"3":{"start":{"line":4,"column":0},"end":{"line":4,"column":0}},"4":{"start":{"line":5,"column":0},"end":{"line":5,"column":20}},"5":{"start":{"line":6,"column":0},"end":{"line":6,"column":16}},"6":{"start":{"line":7,"column":0},"end":{"line":7,"column":15}},"7":{"start":{"line":8,"column":0},"end":{"line":8,"column":22}},"8":{"start":{"line":9,"column":0},"end":{"line":9,"column":16}},"9":{"start":{"line":10,"column":0},"end":{"line":10,"column":1}},"10":{"start":{"line":11,"column":0},"end":{"line":11,"column":0}},"11":{"start":{"line":12,"column":0},"end":{"line":12,"column":56}},"12":{"start":{"line":13,"column":0},"end":{"line":13,"column":52}},"13":{"start":{"line":14,"column":0},"end":{"line":14,"column":0}},"14":{"start":{"line":15,"column":0},"end":{"line":15,"column":49}},"15":{"start":{"line":16,"column":0},"end":{"line":16,"column":28}},"16":{"start":{"line":17,"column":0},"end":{"line":17,"column":14}},"17":{"start":{"line":18,"column":0},"end":{"line":18,"column":4}},"18":{"start":{"line":19,"column":0},"end":{"line":19,"column":0}},"19":{"start":{"line":20,"column":0},"end":{"line":20,"column":10}},"20":{"start":{"line":21,"column":0},"end":{"line":21,"column":8}},"21":{"start":{"line":22,"column":0},"end":{"line":22,"column":17}},"22":{"start":{"line":23,"column":0},"end":{"line":23,"column":72}},"23":{"start":{"line":24,"column":0},"end":{"line":24,"column":14}},"24":{"start":{"line":25,"column":0},"end":{"line":25,"column":31}},"25":{"start":{"line":26,"column":0},"end":{"line":26,"column":8}},"26":{"start":{"line":27,"column":0},"end":{"line":27,"column":30}},"27":{"start":{"line":28,"column":0},"end":{"line":28,"column":5}},"28":{"start":{"line":29,"column":0},"end":{"line":29,"column":8}},"29":{"start":{"line":30,"column":0},"end":{"line":30,"column":36}},"30":{"start":{"line":31,"column":0},"end":{"line":31,"column":16}},"31":{"start":{"line":32,"column":0},"end":{"line":32,"column":29}},"32":{"start":{"line":33,"column":0},"end":{"line":33,"column":35}},"33":{"start":{"line":34,"column":0},"end":{"line":34,"column":31}},"34":{"start":{"line":35,"column":0},"end":{"line":35,"column":10}},"35":{"start":{"line":36,"column":0},"end":{"line":36,"column":7}},"36":{"start":{"line":37,"column":0},"end":{"line":37,"column":14}},"37":{"start":{"line":38,"column":0},"end":{"line":38,"column":10}},"38":{"start":{"line":39,"column":0},"end":{"line":39,"column":35}},"39":{"start":{"line":40,"column":0},"end":{"line":40,"column":10}},"40":{"start":{"line":41,"column":0},"end":{"line":41,"column":4}},"41":{"start":{"line":42,"column":0},"end":{"line":42,"column":1}},"42":{"start":{"line":43,"column":0},"end":{"line":43,"column":0}},"43":{"start":{"line":44,"column":0},"end":{"line":44,"column":19}}},"s":{"0":1,"1":1,"2":1,"3":1,"4":1,"5":1,"6":1,"7":1,"8":1,"9":1,"10":1,"11":8,"12":8,"13":8,"14":8,"15":3,"16":3,"17":8,"18":8,"19":8,"20":8,"21":8,"22":8,"23":8,"24":8,"25":8,"26":8,"27":8,"28":8,"29":8,"30":8,"31":8,"32":8,"33":8,"34":8,"35":8,"36":8,"37":8,"38":8,"39":8,"40":8,"41":8,"42":1,"43":1},"branchMap":{"0":{"type":"branch","line":12,"loc":{"start":{"line":12,"column":0},"end":{"line":42,"column":1}},"locations":[{"start":{"line":12,"column":0},"end":{"line":42,"column":1}}]},"1":{"type":"branch","line":15,"loc":{"start":{"line":15,"column":25},"end":{"line":18,"column":3}},"locations":[{"start":{"line":15,"column":25},"end":{"line":18,"column":3}}]}},"b":{"0":[8],"1":[3]},"fnMap":{"0":{"name":"Tag","decl":{"start":{"line":12,"column":0},"end":{"line":42,"column":1}},"loc":{"start":{"line":12,"column":0},"end":{"line":42,"column":1}},"line":12},"1":{"name":"handleTagClick","decl":{"start":{"line":15,"column":25},"end":{"line":18,"column":3}},"loc":{"start":{"line":15,"column":25},"end":{"line":18,"column":3}},"line":15}},"f":{"0":8,"1":3}}
,"/Users/gokhansisman/projects/deploy/github/protspace/frontend/src/components/WaitingModal.tsx": {"path":"/Users/gokhansisman/projects/deploy/github/protspace/frontend/src/components/WaitingModal.tsx","all":false,"statementMap":{"0":{"start":{"line":1,"column":0},"end":{"line":1,"column":8}},"1":{"start":{"line":2,"column":0},"end":{"line":2,"column":8}},"2":{"start":{"line":3,"column":0},"end":{"line":3,"column":12}},"3":{"start":{"line":4,"column":0},"end":{"line":4,"column":19}},"4":{"start":{"line":5,"column":0},"end":{"line":5,"column":15}},"5":{"start":{"line":6,"column":0},"end":{"line":6,"column":14}},"6":{"start":{"line":7,"column":0},"end":{"line":7,"column":15}},"7":{"start":{"line":8,"column":0},"end":{"line":8,"column":10}},"8":{"start":{"line":9,"column":0},"end":{"line":9,"column":7}},"9":{"start":{"line":10,"column":0},"end":{"line":10,"column":26}},"10":{"start":{"line":11,"column":0},"end":{"line":11,"column":0}},"11":{"start":{"line":12,"column":0},"end":{"line":12,"column":36}},"12":{"start":{"line":13,"column":0},"end":{"line":13,"column":9}},"13":{"start":{"line":14,"column":0},"end":{"line":14,"column":10}},"14":{"start":{"line":15,"column":0},"end":{"line":15,"column":4}},"15":{"start":{"line":16,"column":0},"end":{"line":16,"column":18}},"16":{"start":{"line":17,"column":0},"end":{"line":17,"column":22}},"17":{"start":{"line":18,"column":0},"end":{"line":18,"column":7}},"18":{"start":{"line":19,"column":0},"end":{"line":19,"column":10}},"19":{"start":{"line":20,"column":0},"end":{"line":20,"column":56}},"20":{"start":{"line":21,"column":0},"end":{"line":21,"column":22}},"21":{"start":{"line":22,"column":0},"end":{"line":22,"column":20}},"22":{"start":{"line":23,"column":0},"end":{"line":23,"column":51}},"23":{"start":{"line":24,"column":0},"end":{"line":24,"column":28}},"24":{"start":{"line":25,"column":0},"end":{"line":25,"column":18}},"25":{"start":{"line":26,"column":0},"end":{"line":26,"column":24}},"26":{"start":{"line":27,"column":0},"end":{"line":27,"column":32}},"27":{"start":{"line":28,"column":0},"end":{"line":28,"column":29}},"28":{"start":{"line":29,"column":0},"end":{"line":29,"column":33}},"29":{"start":{"line":30,"column":0},"end":{"line":30,"column":9}},"30":{"start":{"line":31,"column":0},"end":{"line":31,"column":38}},"31":{"start":{"line":32,"column":0},"end":{"line":32,"column":35}},"32":{"start":{"line":33,"column":0},"end":{"line":33,"column":79}},"33":{"start":{"line":34,"column":0},"end":{"line":34,"column":17}},"34":{"start":{"line":35,"column":0},"end":{"line":35,"column":20}},"35":{"start":{"line":36,"column":0},"end":{"line":36,"column":21}},"36":{"start":{"line":37,"column":0},"end":{"line":37,"column":12}},"37":{"start":{"line":38,"column":0},"end":{"line":38,"column":4}},"38":{"start":{"line":39,"column":0},"end":{"line":39,"column":2}},"39":{"start":{"line":40,"column":0},"end":{"line":40,"column":0}},"40":{"start":{"line":41,"column":0},"end":{"line":41,"column":41}}},"s":{"0":1,"1":1,"2":1,"3":1,"4":1,"5":1,"6":1,"7":1,"8":1,"9":1,"10":1,"11":1,"12":1,"13":1,"14":1,"15":1,"16":1,"17":1,"18":1,"19":1,"20":1,"21":1,"22":1,"23":1,"24":1,"25":1,"26":1,"27":1,"28":1,"29":1,"30":1,"31":1,"32":1,"33":1,"34":1,"35":1,"36":1,"37":1,"38":1,"39":1,"40":1},"branchMap":{"0":{"type":"branch","line":12,"loc":{"start":{"line":12,"column":34},"end":{"line":39,"column":2}},"locations":[{"start":{"line":12,"column":34},"end":{"line":39,"column":2}}]}},"b":{"0":[1]},"fnMap":{"0":{"name":"VisualizationWaitingModal","decl":{"start":{"line":12,"column":34},"end":{"line":39,"column":2}},"loc":{"start":{"line":12,"column":34},"end":{"line":39,"column":2}},"line":12}},"f":{"0":1}}
,"/Users/gokhansisman/projects/deploy/github/protspace/frontend/src/helpers/constants.ts": {"path":"/Users/gokhansisman/projects/deploy/github/protspace/frontend/src/helpers/constants.ts","all":false,"statementMap":{"0":{"start":{"line":1,"column":0},"end":{"line":1,"column":26}},"1":{"start":{"line":2,"column":0},"end":{"line":2,"column":36}},"2":{"start":{"line":3,"column":0},"end":{"line":3,"column":39}},"3":{"start":{"line":4,"column":0},"end":{"line":4,"column":35}},"4":{"start":{"line":5,"column":0},"end":{"line":5,"column":35}},"5":{"start":{"line":6,"column":0},"end":{"line":6,"column":37}},"6":{"start":{"line":7,"column":0},"end":{"line":7,"column":37}},"7":{"start":{"line":8,"column":0},"end":{"line":8,"column":46}},"8":{"start":{"line":9,"column":0},"end":{"line":9,"column":34}},"9":{"start":{"line":10,"column":0},"end":{"line":10,"column":33}},"10":{"start":{"line":11,"column":0},"end":{"line":11,"column":44}},"11":{"start":{"line":12,"column":0},"end":{"line":12,"column":36}},"12":{"start":{"line":13,"column":0},"end":{"line":13,"column":40}},"13":{"start":{"line":14,"column":0},"end":{"line":14,"column":41}},"14":{"start":{"line":15,"column":0},"end":{"line":15,"column":41}},"15":{"start":{"line":16,"column":0},"end":{"line":16,"column":34}},"16":{"start":{"line":17,"column":0},"end":{"line":17,"column":35}},"17":{"start":{"line":18,"column":0},"end":{"line":18,"column":33}},"18":{"start":{"line":19,"column":0},"end":{"line":19,"column":44}},"19":{"start":{"line":20,"column":0},"end":{"line":20,"column":33}},"20":{"start":{"line":21,"column":0},"end":{"line":21,"column":38}},"21":{"start":{"line":22,"column":0},"end":{"line":22,"column":36}},"22":{"start":{"line":23,"column":0},"end":{"line":23,"column":1}},"23":{"start":{"line":24,"column":0},"end":{"line":24,"column":0}},"24":{"start":{"line":25,"column":0},"end":{"line":25,"column":26}},"25":{"start":{"line":26,"column":0},"end":{"line":26,"column":14}},"26":{"start":{"line":27,"column":0},"end":{"line":27,"column":14}},"27":{"start":{"line":28,"column":0},"end":{"line":28,"column":14}},"28":{"start":{"line":29,"column":0},"end":{"line":29,"column":14}},"29":{"start":{"line":30,"column":0},"end":{"line":30,"column":14}},"30":{"start":{"line":31,"column":0},"end":{"line":31,"column":14}},"31":{"start":{"line":32,"column":0},"end":{"line":32,"column":14}},"32":{"start":{"line":33,"column":0},"end":{"line":33,"column":14}},"33":{"start":{"line":34,"column":0},"end":{"line":34,"column":14}},"34":{"start":{"line":35,"column":0},"end":{"line":35,"column":14}},"35":{"start":{"line":36,"column":0},"end":{"line":36,"column":14}},"36":{"start":{"line":37,"column":0},"end":{"line":37,"column":14}},"37":{"start":{"line":38,"column":0},"end":{"line":38,"column":14}},"38":{"start":{"line":39,"column":0},"end":{"line":39,"column":14}},"39":{"start":{"line":40,"column":0},"end":{"line":40,"column":14}},"40":{"start":{"line":41,"column":0},"end":{"line":41,"column":14}},"41":{"start":{"line":42,"column":0},"end":{"line":42,"column":14}},"42":{"start":{"line":43,"column":0},"end":{"line":43,"column":14}},"43":{"start":{"line":44,"column":0},"end":{"line":44,"column":14}},"44":{"start":{"line":45,"column":0},"end":{"line":45,"column":14}},"45":{"start":{"line":46,"column":0},"end":{"line":46,"column":14}},"46":{"start":{"line":47,"column":0},"end":{"line":47,"column":14}},"47":{"start":{"line":48,"column":0},"end":{"line":48,"column":14}},"48":{"start":{"line":49,"column":0},"end":{"line":49,"column":14}},"49":{"start":{"line":50,"column":0},"end":{"line":50,"column":14}},"50":{"start":{"line":51,"column":0},"end":{"line":51,"column":14}},"51":{"start":{"line":52,"column":0},"end":{"line":52,"column":14}},"52":{"start":{"line":53,"column":0},"end":{"line":53,"column":14}},"53":{"start":{"line":54,"column":0},"end":{"line":54,"column":14}},"54":{"start":{"line":55,"column":0},"end":{"line":55,"column":14}},"55":{"start":{"line":56,"column":0},"end":{"line":56,"column":14}},"56":{"start":{"line":57,"column":0},"end":{"line":57,"column":14}},"57":{"start":{"line":58,"column":0},"end":{"line":58,"column":14}},"58":{"start":{"line":59,"column":0},"end":{"line":59,"column":14}},"59":{"start":{"line":60,"column":0},"end":{"line":60,"column":14}},"60":{"start":{"line":61,"column":0},"end":{"line":61,"column":14}},"61":{"start":{"line":62,"column":0},"end":{"line":62,"column":14}},"62":{"start":{"line":63,"column":0},"end":{"line":63,"column":14}},"63":{"start":{"line":64,"column":0},"end":{"line":64,"column":14}},"64":{"start":{"line":65,"column":0},"end":{"line":65,"column":14}},"65":{"start":{"line":66,"column":0},"end":{"line":66,"column":14}},"66":{"start":{"line":67,"column":0},"end":{"line":67,"column":14}},"67":{"start":{"line":68,"column":0},"end":{"line":68,"column":14}},"68":{"start":{"line":69,"column":0},"end":{"line":69,"column":14}},"69":{"start":{"line":70,"column":0},"end":{"line":70,"column":14}},"70":{"start":{"line":71,"column":0},"end":{"line":71,"column":14}},"71":{"start":{"line":72,"column":0},"end":{"line":72,"column":14}},"72":{"start":{"line":73,"column":0},"end":{"line":73,"column":14}},"73":{"start":{"line":74,"column":0},"end":{"line":74,"column":14}},"74":{"start":{"line":75,"column":0},"end":{"line":75,"column":14}},"75":{"start":{"line":76,"column":0},"end":{"line":76,"column":14}},"76":{"start":{"line":77,"column":0},"end":{"line":77,"column":14}},"77":{"start":{"line":78,"column":0},"end":{"line":78,"column":14}},"78":{"start":{"line":79,"column":0},"end":{"line":79,"column":14}},"79":{"start":{"line":80,"column":0},"end":{"line":80,"column":14}},"80":{"start":{"line":81,"column":0},"end":{"line":81,"column":14}},"81":{"start":{"line":82,"column":0},"end":{"line":82,"column":14}},"82":{"start":{"line":83,"column":0},"end":{"line":83,"column":14}},"83":{"start":{"line":84,"column":0},"end":{"line":84,"column":14}},"84":{"start":{"line":85,"column":0},"end":{"line":85,"column":14}},"85":{"start":{"line":86,"column":0},"end":{"line":86,"column":14}},"86":{"start":{"line":87,"column":0},"end":{"line":87,"column":14}},"87":{"start":{"line":88,"column":0},"end":{"line":88,"column":14}},"88":{"start":{"line":89,"column":0},"end":{"line":89,"column":14}},"89":{"start":{"line":90,"column":0},"end":{"line":90,"column":14}},"90":{"start":{"line":91,"column":0},"end":{"line":91,"column":14}},"91":{"start":{"line":92,"column":0},"end":{"line":92,"column":14}},"92":{"start":{"line":93,"column":0},"end":{"line":93,"column":14}},"93":{"start":{"line":94,"column":0},"end":{"line":94,"column":14}},"94":{"start":{"line":95,"column":0},"end":{"line":95,"column":14}},"95":{"start":{"line":96,"column":0},"end":{"line":96,"column":14}},"96":{"start":{"line":97,"column":0},"end":{"line":97,"column":14}},"97":{"start":{"line":98,"column":0},"end":{"line":98,"column":14}},"98":{"start":{"line":99,"column":0},"end":{"line":99,"column":14}},"99":{"start":{"line":100,"column":0},"end":{"line":100,"column":14}},"100":{"start":{"line":101,"column":0},"end":{"line":101,"column":14}},"101":{"start":{"line":102,"column":0},"end":{"line":102,"column":14}},"102":{"start":{"line":103,"column":0},"end":{"line":103,"column":14}},"103":{"start":{"line":104,"column":0},"end":{"line":104,"column":14}},"104":{"start":{"line":105,"column":0},"end":{"line":105,"column":14}},"105":{"start":{"line":106,"column":0},"end":{"line":106,"column":14}},"106":{"start":{"line":107,"column":0},"end":{"line":107,"column":14}},"107":{"start":{"line":108,"column":0},"end":{"line":108,"column":14}},"108":{"start":{"line":109,"column":0},"end":{"line":109,"column":14}},"109":{"start":{"line":110,"column":0},"end":{"line":110,"column":14}},"110":{"start":{"line":111,"column":0},"end":{"line":111,"column":14}},"111":{"start":{"line":112,"column":0},"end":{"line":112,"column":14}},"112":{"start":{"line":113,"column":0},"end":{"line":113,"column":14}},"113":{"start":{"line":114,"column":0},"end":{"line":114,"column":14}},"114":{"start":{"line":115,"column":0},"end":{"line":115,"column":14}},"115":{"start":{"line":116,"column":0},"end":{"line":116,"column":14}},"116":{"start":{"line":117,"column":0},"end":{"line":117,"column":14}},"117":{"start":{"line":118,"column":0},"end":{"line":118,"column":14}},"118":{"start":{"line":119,"column":0},"end":{"line":119,"column":14}},"119":{"start":{"line":120,"column":0},"end":{"line":120,"column":14}},"120":{"start":{"line":121,"column":0},"end":{"line":121,"column":14}},"121":{"start":{"line":122,"column":0},"end":{"line":122,"column":14}},"122":{"start":{"line":123,"column":0},"end":{"line":123,"column":14}},"123":{"start":{"line":124,"column":0},"end":{"line":124,"column":14}},"124":{"start":{"line":125,"column":0},"end":{"line":125,"column":14}},"125":{"start":{"line":126,"column":0},"end":{"line":126,"column":14}},"126":{"start":{"line":127,"column":0},"end":{"line":127,"column":14}},"127":{"start":{"line":128,"column":0},"end":{"line":128,"column":14}},"128":{"start":{"line":129,"column":0},"end":{"line":129,"column":14}},"129":{"start":{"line":130,"column":0},"end":{"line":130,"column":14}},"130":{"start":{"line":131,"column":0},"end":{"line":131,"column":14}},"131":{"start":{"line":132,"column":0},"end":{"line":132,"column":14}},"132":{"start":{"line":133,"column":0},"end":{"line":133,"column":14}},"133":{"start":{"line":134,"column":0},"end":{"line":134,"column":14}},"134":{"start":{"line":135,"column":0},"end":{"line":135,"column":14}},"135":{"start":{"line":136,"column":0},"end":{"line":136,"column":14}},"136":{"start":{"line":137,"column":0},"end":{"line":137,"column":14}},"137":{"start":{"line":138,"column":0},"end":{"line":138,"column":14}},"138":{"start":{"line":139,"column":0},"end":{"line":139,"column":14}},"139":{"start":{"line":140,"column":0},"end":{"line":140,"column":13}},"140":{"start":{"line":141,"column":0},"end":{"line":141,"column":1}}},"s":{"0":1,"1":1,"2":1,"3":1,"4":1,"5":1,"6":1,"7":1,"8":1,"9":1,"10":1,"11":1,"12":1,"13":1,"14":1,"15":1,"16":1,"17":1,"18":1,"19":1,"20":1,"21":1,"22":1,"23":1,"24":1,"25":1,"26":1,"27":1,"28":1,"29":1,"30":1,"31":1,"32":1,"33":1,"34":1,"35":1,"36":1,"37":1,"38":1,"39":1,"40":1,"41":1,"42":1,"43":1,"44":1,"45":1,"46":1,"47":1,"48":1,"49":1,"50":1,"51":1,"52":1,"53":1,"54":1,"55":1,"56":1,"57":1,"58":1,"59":1,"60":1,"61":1,"62":1,"63":1,"64":1,"65":1,"66":1,"67":1,"68":1,"69":1,"70":1,"71":1,"72":1,"73":1,"74":1,"75":1,"76":1,"77":1,"78":1,"79":1,"80":1,"81":1,"82":1,"83":1,"84":1,"85":1,"86":1,"87":1,"88":1,"89":1,"90":1,"91":1,"92":1,"93":1,"94":1,"95":1,"96":1,"97":1,"98":1,"99":1,"100":1,"101":1,"102":1,"103":1,"104":1,"105":1,"106":1,"107":1,"108":1,"109":1,"110":1,"111":1,"112":1,"113":1,"114":1,"115":1,"116":1,"117":1,"118":1,"119":1,"120":1,"121":1,"122":1,"123":1,"124":1,"125":1,"126":1,"127":1,"128":1,"129":1,"130":1,"131":1,"132":1,"133":1,"134":1,"135":1,"136":1,"137":1,"138":1,"139":1,"140":1},"branchMap":{},"b":{},"fnMap":{},"f":{}}
,"/Users/gokhansisman/projects/deploy/github/protspace/frontend/src/helpers/search.ts": {"path":"/Users/gokhansisman/projects/deploy/github/protspace/frontend/src/helpers/search.ts","all":false,"statementMap":{"0":{"start":{"line":1,"column":0},"end":{"line":1,"column":67}},"1":{"start":{"line":2,"column":0},"end":{"line":2,"column":35}},"2":{"start":{"line":3,"column":0},"end":{"line":3,"column":27}},"3":{"start":{"line":4,"column":0},"end":{"line":4,"column":31}},"4":{"start":{"line":5,"column":0},"end":{"line":5,"column":31}},"5":{"start":{"line":6,"column":0},"end":{"line":6,"column":68}},"6":{"start":{"line":7,"column":0},"end":{"line":7,"column":8}},"7":{"start":{"line":8,"column":0},"end":{"line":8,"column":7}},"8":{"start":{"line":9,"column":0},"end":{"line":9,"column":15}},"9":{"start":{"line":10,"column":0},"end":{"line":10,"column":2}},"10":{"start":{"line":11,"column":0},"end":{"line":11,"column":0}},"11":{"start":{"line":12,"column":0},"end":{"line":12,"column":52}},"12":{"start":{"line":13,"column":0},"end":{"line":13,"column":26}},"13":{"start":{"line":14,"column":0},"end":{"line":14,"column":36}},"14":{"start":{"line":15,"column":0},"end":{"line":15,"column":13}},"15":{"start":{"line":16,"column":0},"end":{"line":16,"column":2}}},"s":{"0":1,"1":1,"2":1,"3":3,"4":3,"5":2,"6":2,"7":1,"8":1,"9":1,"10":1,"11":2,"12":2,"13":2,"14":2,"15":2},"branchMap":{"0":{"type":"branch","line":1,"loc":{"start":{"line":1,"column":0},"end":{"line":10,"column":2}},"locations":[{"start":{"line":1,"column":0},"end":{"line":10,"column":2}}]},"1":{"type":"branch","line":3,"loc":{"start":{"line":3,"column":18},"end":{"line":8,"column":5}},"locations":[{"start":{"line":3,"column":18},"end":{"line":8,"column":5}}]},"2":{"type":"branch","line":5,"loc":{"start":{"line":5,"column":30},"end":{"line":7,"column":8}},"locations":[{"start":{"line":5,"column":30},"end":{"line":7,"column":8}}]},"3":{"type":"branch","line":6,"loc":{"start":{"line":6,"column":40},"end":{"line":6,"column":65}},"locations":[{"start":{"line":6,"column":40},"end":{"line":6,"column":65}}]},"4":{"type":"branch","line":12,"loc":{"start":{"line":12,"column":0},"end":{"line":16,"column":2}},"locations":[{"start":{"line":12,"column":0},"end":{"line":16,"column":2}}]},"5":{"type":"branch","line":14,"loc":{"start":{"line":14,"column":7},"end":{"line":14,"column":36}},"locations":[{"start":{"line":14,"column":7},"end":{"line":14,"column":36}}]},"6":{"type":"branch","line":15,"loc":{"start":{"line":15,"column":7},"end":{"line":15,"column":12}},"locations":[{"start":{"line":15,"column":7},"end":{"line":15,"column":12}}]}},"b":{"0":[1],"1":[3],"2":[2],"3":[6],"4":[2],"5":[1],"6":[1]},"fnMap":{"0":{"name":"GroupBy","decl":{"start":{"line":1,"column":0},"end":{"line":10,"column":2}},"loc":{"start":{"line":1,"column":0},"end":{"line":10,"column":2}},"line":1},"1":{"name":"truncate","decl":{"start":{"line":12,"column":0},"end":{"line":16,"column":2}},"loc":{"start":{"line":12,"column":0},"end":{"line":16,"column":2}},"line":12}},"f":{"0":1,"1":2}}
,"/Users/gokhansisman/projects/deploy/github/protspace/frontend/src/helpers/hooks/index.ts": {"path":"/Users/gokhansisman/projects/deploy/github/protspace/frontend/src/helpers/hooks/index.ts","all":false,"statementMap":{"0":{"start":{"line":1,"column":0},"end":{"line":1,"column":76}},"1":{"start":{"line":2,"column":0},"end":{"line":2,"column":63}},"2":{"start":{"line":3,"column":0},"end":{"line":3,"column":0}},"3":{"start":{"line":4,"column":0},"end":{"line":4,"column":75}},"4":{"start":{"line":5,"column":0},"end":{"line":5,"column":60}},"5":{"start":{"line":6,"column":0},"end":{"line":6,"column":74}}},"s":{"0":1,"1":1,"2":1,"3":1,"4":1,"5":1},"branchMap":{},"b":{},"fnMap":{},"f":{}}
,"/Users/gokhansisman/projects/deploy/github/protspace/frontend/src/redux/actionTypes.ts": {"path":"/Users/gokhansisman/projects/deploy/github/protspace/frontend/src/redux/actionTypes.ts","all":false,"statementMap":{"0":{"start":{"line":1,"column":0},"end":{"line":1,"column":45}},"1":{"start":{"line":2,"column":0},"end":{"line":2,"column":49}},"2":{"start":{"line":3,"column":0},"end":{"line":3,"column":49}},"3":{"start":{"line":4,"column":0},"end":{"line":4,"column":47}},"4":{"start":{"line":5,"column":0},"end":{"line":5,"column":45}},"5":{"start":{"line":6,"column":0},"end":{"line":6,"column":41}},"6":{"start":{"line":7,"column":0},"end":{"line":7,"column":51}},"7":{"start":{"line":8,"column":0},"end":{"line":8,"column":55}},"8":{"start":{"line":9,"column":0},"end":{"line":9,"column":35}},"9":{"start":{"line":10,"column":0},"end":{"line":10,"column":59}},"10":{"start":{"line":11,"column":0},"end":{"line":11,"column":59}},"11":{"start":{"line":12,"column":0},"end":{"line":12,"column":53}},"12":{"start":{"line":13,"column":0},"end":{"line":13,"column":47}},"13":{"start":{"line":14,"column":0},"end":{"line":14,"column":43}},"14":{"start":{"line":15,"column":0},"end":{"line":15,"column":55}},"15":{"start":{"line":16,"column":0},"end":{"line":16,"column":53}},"16":{"start":{"line":17,"column":0},"end":{"line":17,"column":47}},"17":{"start":{"line":18,"column":0},"end":{"line":18,"column":53}},"18":{"start":{"line":19,"column":0},"end":{"line":19,"column":57}},"19":{"start":{"line":20,"column":0},"end":{"line":20,"column":57}},"20":{"start":{"line":21,"column":0},"end":{"line":21,"column":65}},"21":{"start":{"line":22,"column":0},"end":{"line":22,"column":53}},"22":{"start":{"line":23,"column":0},"end":{"line":23,"column":47}},"23":{"start":{"line":24,"column":0},"end":{"line":24,"column":33}},"24":{"start":{"line":25,"column":0},"end":{"line":25,"column":39}},"25":{"start":{"line":26,"column":0},"end":{"line":26,"column":49}},"26":{"start":{"line":27,"column":0},"end":{"line":27,"column":47}},"27":{"start":{"line":28,"column":0},"end":{"line":28,"column":51}},"28":{"start":{"line":29,"column":0},"end":{"line":29,"column":47}},"29":{"start":{"line":30,"column":0},"end":{"line":30,"column":55}},"30":{"start":{"line":31,"column":0},"end":{"line":31,"column":47}}},"s":{"0":1,"1":1,"2":1,"3":1,"4":1,"5":1,"6":1,"7":1,"8":1,"9":1,"10":1,"11":1,"12":1,"13":1,"14":1,"15":1,"16":1,"17":1,"18":1,"19":1,"20":1,"21":1,"22":1,"23":1,"24":1,"25":1,"26":1,"27":1,"28":1,"29":1,"30":1},"branchMap":{},"b":{},"fnMap":{},"f":{}}
,"/Users/gokhansisman/projects/deploy/github/protspace/frontend/src/redux/actions/settings.ts": {"path":"/Users/gokhansisman/projects/deploy/github/protspace/frontend/src/redux/actions/settings.ts","all":false,"statementMap":{"0":{"start":{"line":1,"column":0},"end":{"line":1,"column":75}},"1":{"start":{"line":2,"column":0},"end":{"line":2,"column":32}},"2":{"start":{"line":3,"column":0},"end":{"line":3,"column":42}},"3":{"start":{"line":4,"column":0},"end":{"line":4,"column":34}},"4":{"start":{"line":5,"column":0},"end":{"line":5,"column":52}},"5":{"start":{"line":6,"column":0},"end":{"line":6,"column":8}},"6":{"start":{"line":7,"column":0},"end":{"line":7,"column":22}},"7":{"start":{"line":8,"column":0},"end":{"line":8,"column":22}},"8":{"start":{"line":9,"column":0},"end":{"line":9,"column":26}},"9":{"start":{"line":10,"column":0},"end":{"line":10,"column":16}},"10":{"start":{"line":11,"column":0},"end":{"line":11,"column":17}},"11":{"start":{"line":12,"column":0},"end":{"line":12,"column":18}},"12":{"start":{"line":13,"column":0},"end":{"line":13,"column":23}},"13":{"start":{"line":14,"column":0},"end":{"line":14,"column":20}},"14":{"start":{"line":15,"column":0},"end":{"line":15,"column":21}},"15":{"start":{"line":16,"column":0},"end":{"line":16,"column":11}},"16":{"start":{"line":17,"column":0},"end":{"line":17,"column":17}},"17":{"start":{"line":18,"column":0},"end":{"line":18,"column":20}},"18":{"start":{"line":19,"column":0},"end":{"line":19,"column":21}},"19":{"start":{"line":20,"column":0},"end":{"line":20,"column":17}},"20":{"start":{"line":21,"column":0},"end":{"line":21,"column":15}},"21":{"start":{"line":22,"column":0},"end":{"line":22,"column":17}},"22":{"start":{"line":23,"column":0},"end":{"line":23,"column":20}},"23":{"start":{"line":24,"column":0},"end":{"line":24,"column":21}},"24":{"start":{"line":25,"column":0},"end":{"line":25,"column":10}},"25":{"start":{"line":26,"column":0},"end":{"line":26,"column":17}},"26":{"start":{"line":27,"column":0},"end":{"line":27,"column":18}},"27":{"start":{"line":28,"column":0},"end":{"line":28,"column":19}},"28":{"start":{"line":29,"column":0},"end":{"line":29,"column":19}},"29":{"start":{"line":30,"column":0},"end":{"line":30,"column":20}},"30":{"start":{"line":31,"column":0},"end":{"line":31,"column":18}},"31":{"start":{"line":32,"column":0},"end":{"line":32,"column":23}},"32":{"start":{"line":33,"column":0},"end":{"line":33,"column":17}},"33":{"start":{"line":34,"column":0},"end":{"line":34,"column":16}},"34":{"start":{"line":35,"column":0},"end":{"line":35,"column":14}},"35":{"start":{"line":36,"column":0},"end":{"line":36,"column":17}},"36":{"start":{"line":37,"column":0},"end":{"line":37,"column":24}},"37":{"start":{"line":38,"column":0},"end":{"line":38,"column":53}},"38":{"start":{"line":39,"column":0},"end":{"line":39,"column":37}},"39":{"start":{"line":40,"column":0},"end":{"line":40,"column":0}},"40":{"start":{"line":41,"column":0},"end":{"line":41,"column":46}},"41":{"start":{"line":42,"column":0},"end":{"line":42,"column":54}},"42":{"start":{"line":43,"column":0},"end":{"line":43,"column":1}},"43":{"start":{"line":44,"column":0},"end":{"line":44,"column":0}},"44":{"start":{"line":45,"column":0},"end":{"line":45,"column":47}},"45":{"start":{"line":46,"column":0},"end":{"line":46,"column":52}},"46":{"start":{"line":47,"column":0},"end":{"line":47,"column":1}},"47":{"start":{"line":48,"column":0},"end":{"line":48,"column":0}},"48":{"start":{"line":49,"column":0},"end":{"line":49,"column":51}},"49":{"start":{"line":50,"column":0},"end":{"line":50,"column":56}},"50":{"start":{"line":51,"column":0},"end":{"line":51,"column":1}},"51":{"start":{"line":52,"column":0},"end":{"line":52,"column":0}},"52":{"start":{"line":53,"column":0},"end":{"line":53,"column":57}},"53":{"start":{"line":54,"column":0},"end":{"line":54,"column":60}},"54":{"start":{"line":55,"column":0},"end":{"line":55,"column":1}},"55":{"start":{"line":56,"column":0},"end":{"line":56,"column":0}},"56":{"start":{"line":57,"column":0},"end":{"line":57,"column":51}},"57":{"start":{"line":58,"column":0},"end":{"line":58,"column":56}},"58":{"start":{"line":59,"column":0},"end":{"line":59,"column":1}},"59":{"start":{"line":60,"column":0},"end":{"line":60,"column":0}},"60":{"start":{"line":61,"column":0},"end":{"line":61,"column":50}},"61":{"start":{"line":62,"column":0},"end":{"line":62,"column":54}},"62":{"start":{"line":63,"column":0},"end":{"line":63,"column":1}},"63":{"start":{"line":64,"column":0},"end":{"line":64,"column":0}},"64":{"start":{"line":65,"column":0},"end":{"line":65,"column":50}},"65":{"start":{"line":66,"column":0},"end":{"line":66,"column":54}},"66":{"start":{"line":67,"column":0},"end":{"line":67,"column":1}},"67":{"start":{"line":68,"column":0},"end":{"line":68,"column":0}},"68":{"start":{"line":69,"column":0},"end":{"line":69,"column":47}},"69":{"start":{"line":70,"column":0},"end":{"line":70,"column":50}},"70":{"start":{"line":71,"column":0},"end":{"line":71,"column":1}},"71":{"start":{"line":72,"column":0},"end":{"line":72,"column":0}},"72":{"start":{"line":73,"column":0},"end":{"line":73,"column":49}},"73":{"start":{"line":74,"column":0},"end":{"line":74,"column":53}},"74":{"start":{"line":75,"column":0},"end":{"line":75,"column":1}},"75":{"start":{"line":76,"column":0},"end":{"line":76,"column":0}},"76":{"start":{"line":77,"column":0},"end":{"line":77,"column":44}},"77":{"start":{"line":78,"column":0},"end":{"line":78,"column":48}},"78":{"start":{"line":79,"column":0},"end":{"line":79,"column":1}},"79":{"start":{"line":80,"column":0},"end":{"line":80,"column":0}},"80":{"start":{"line":81,"column":0},"end":{"line":81,"column":53}},"81":{"start":{"line":82,"column":0},"end":{"line":82,"column":58}},"82":{"start":{"line":83,"column":0},"end":{"line":83,"column":1}},"83":{"start":{"line":84,"column":0},"end":{"line":84,"column":0}},"84":{"start":{"line":85,"column":0},"end":{"line":85,"column":58}},"85":{"start":{"line":86,"column":0},"end":{"line":86,"column":62}},"86":{"start":{"line":87,"column":0},"end":{"line":87,"column":1}},"87":{"start":{"line":88,"column":0},"end":{"line":88,"column":0}},"88":{"start":{"line":89,"column":0},"end":{"line":89,"column":56}},"89":{"start":{"line":90,"column":0},"end":{"line":90,"column":61}},"90":{"start":{"line":91,"column":0},"end":{"line":91,"column":1}},"91":{"start":{"line":92,"column":0},"end":{"line":92,"column":0}},"92":{"start":{"line":93,"column":0},"end":{"line":93,"column":55}},"93":{"start":{"line":94,"column":0},"end":{"line":94,"column":60}},"94":{"start":{"line":95,"column":0},"end":{"line":95,"column":1}},"95":{"start":{"line":96,"column":0},"end":{"line":96,"column":0}},"96":{"start":{"line":97,"column":0},"end":{"line":97,"column":56}},"97":{"start":{"line":98,"column":0},"end":{"line":98,"column":64}},"98":{"start":{"line":99,"column":0},"end":{"line":99,"column":1}},"99":{"start":{"line":100,"column":0},"end":{"line":100,"column":0}},"100":{"start":{"line":101,"column":0},"end":{"line"
[...]
},"end":{"line":319,"column":13}},"319":{"start":{"line":320,"column":0},"end":{"line":320,"column":0}},"320":{"start":{"line":321,"column":0},"end":{"line":321,"column":27}},"321":{"start":{"line":322,"column":0},"end":{"line":322,"column":43}},"322":{"start":{"line":323,"column":0},"end":{"line":323,"column":47}},"323":{"start":{"line":324,"column":0},"end":{"line":324,"column":48}},"324":{"start":{"line":325,"column":0},"end":{"line":325,"column":16}},"325":{"start":{"line":326,"column":0},"end":{"line":326,"column":78}},"326":{"start":{"line":327,"column":0},"end":{"line":327,"column":29}},"327":{"start":{"line":328,"column":0},"end":{"line":328,"column":15}},"328":{"start":{"line":329,"column":0},"end":{"line":329,"column":37}},"329":{"start":{"line":330,"column":0},"end":{"line":330,"column":33}},"330":{"start":{"line":331,"column":0},"end":{"line":331,"column":32}},"331":{"start":{"line":332,"column":0},"end":{"line":332,"column":24}},"332":{"start":{"line":333,"column":0},"end":{"line":333,"column":77}},"333":{"start":{"line":334,"column":0},"end":{"line":334,"column":30}},"334":{"start":{"line":335,"column":0},"end":{"line":335,"column":19}},"335":{"start":{"line":336,"column":0},"end":{"line":336,"column":48}},"336":{"start":{"line":337,"column":0},"end":{"line":337,"column":22}},"337":{"start":{"line":338,"column":0},"end":{"line":338,"column":64}},"338":{"start":{"line":339,"column":0},"end":{"line":339,"column":15}},"339":{"start":{"line":340,"column":0},"end":{"line":340,"column":13}},"340":{"start":{"line":341,"column":0},"end":{"line":341,"column":11}},"341":{"start":{"line":342,"column":0},"end":{"line":342,"column":11}},"342":{"start":{"line":343,"column":0},"end":{"line":343,"column":0}},"343":{"start":{"line":344,"column":0},"end":{"line":344,"column":14}},"344":{"start":{"line":345,"column":0},"end":{"line":345,"column":17}},"345":{"start":{"line":346,"column":0},"end":{"line":346,"column":44}},"346":{"start":{"line":347,"column":0},"end":{"line":347,"column":38}},"347":{"start":{"line":348,"column":0},"end":{"line":348,"column":52}},"348":{"start":{"line":349,"column":0},"end":{"line":349,"column":34}},"349":{"start":{"line":350,"column":0},"end":{"line":350,"column":30}},"350":{"start":{"line":351,"column":0},"end":{"line":351,"column":8}},"351":{"start":{"line":352,"column":0},"end":{"line":352,"column":27}},"352":{"start":{"line":353,"column":0},"end":{"line":353,"column":14}},"353":{"start":{"line":354,"column":0},"end":{"line":354,"column":17}},"354":{"start":{"line":355,"column":0},"end":{"line":355,"column":37}},"355":{"start":{"line":356,"column":0},"end":{"line":356,"column":8}},"356":{"start":{"line":357,"column":0},"end":{"line":357,"column":21}},"357":{"start":{"line":358,"column":0},"end":{"line":358,"column":14}},"358":{"start":{"line":359,"column":0},"end":{"line":359,"column":17}},"359":{"start":{"line":360,"column":0},"end":{"line":360,"column":31}},"360":{"start":{"line":361,"column":0},"end":{"line":361,"column":8}},"361":{"start":{"line":362,"column":0},"end":{"line":362,"column":26}},"362":{"start":{"line":363,"column":0},"end":{"line":363,"column":14}},"363":{"start":{"line":364,"column":0},"end":{"line":364,"column":17}},"364":{"start":{"line":365,"column":0},"end":{"line":365,"column":36}},"365":{"start":{"line":366,"column":0},"end":{"line":366,"column":8}},"366":{"start":{"line":367,"column":0},"end":{"line":367,"column":28}},"367":{"start":{"line":368,"column":0},"end":{"line":368,"column":14}},"368":{"start":{"line":369,"column":0},"end":{"line":369,"column":17}},"369":{"start":{"line":370,"column":0},"end":{"line":370,"column":37}},"370":{"start":{"line":371,"column":0},"end":{"line":371,"column":8}},"371":{"start":{"line":372,"column":0},"end":{"line":372,"column":22}},"372":{"start":{"line":373,"column":0},"end":{"line":373,"column":14}},"373":{"start":{"line":374,"column":0},"end":{"line":374,"column":17}},"374":{"start":{"line":375,"column":0},"end":{"line":375,"column":32}},"375":{"start":{"line":376,"column":0},"end":{"line":376,"column":8}},"376":{"start":{"line":377,"column":0},"end":{"line":377,"column":28}},"377":{"start":{"line":378,"column":0},"end":{"line":378,"column":14}},"378":{"start":{"line":379,"column":0},"end":{"line":379,"column":17}},"379":{"start":{"line":380,"column":0},"end":{"line":380,"column":38}},"380":{"start":{"line":381,"column":0},"end":{"line":381,"column":8}},"381":{"start":{"line":382,"column":0},"end":{"line":382,"column":24}},"382":{"start":{"line":383,"column":0},"end":{"line":383,"column":14}},"383":{"start":{"line":384,"column":0},"end":{"line":384,"column":17}},"384":{"start":{"line":385,"column":0},"end":{"line":385,"column":34}},"385":{"start":{"line":386,"column":0},"end":{"line":386,"column":8}},"386":{"start":{"line":387,"column":0},"end":{"line":387,"column":17}},"387":{"start":{"line":388,"column":0},"end":{"line":388,"column":14}},"388":{"start":{"line":389,"column":0},"end":{"line":389,"column":17}},"389":{"start":{"line":390,"column":0},"end":{"line":390,"column":28}},"390":{"start":{"line":391,"column":0},"end":{"line":391,"column":8}},"391":{"start":{"line":392,"column":0},"end":{"line":392,"column":25}},"392":{"start":{"line":393,"column":0},"end":{"line":393,"column":14}},"393":{"start":{"line":394,"column":0},"end":{"line":394,"column":17}},"394":{"start":{"line":395,"column":0},"end":{"line":395,"column":36}},"395":{"start":{"line":396,"column":0},"end":{"line":396,"column":8}},"396":{"start":{"line":397,"column":0},"end":{"line":397,"column":24}},"397":{"start":{"line":398,"column":0},"end":{"line":398,"column":14}},"398":{"start":{"line":399,"column":0},"end":{"line":399,"column":17}},"399":{"start":{"line":400,"column":0},"end":{"line":400,"column":35}},"400":{"start":{"line":401,"column":0},"end":{"line":401,"column":8}},"401":{"start":{"line":402,"column":0},"end":{"line":402,"column":26}},"402":{"start":{"line":403,"column":0},"end":{"line":403,"column":14}},"403":{"start":{"line":404,"column":0},"end":{"line":404,"column":17}},"404":{"start":{"line":405,"column":0},"end":{"line":405,"column":37}},"405":{"start":{"line":406,"column":0},"end":{"line":406,"column":8}},"406":{"start":{"line":407,"column":0},"end":{"line":407,"column":0}},"407":{"start":{"line":408,"column":0},"end":{"line":408,"column":12}},"408":{"start":{"line":409,"column":0},"end":{"line":409,"column":19}},"409":{"start":{"line":410,"column":0},"end":{"line":410,"column":3}},"410":{"start":{"line":411,"column":0},"end":{"line":411,"column":2}},"411":{"start":{"line":412,"column":0},"end":{"line":412,"column":0}},"412":{"start":{"line":413,"column":0},"end":{"line":413,"column":31}}},"s":{"0":1,"1":1,"2":1,"3":1,"4":1,"5":1,"6":1,"7":1,"8":1,"9":1,"10":1,"11":1,"12":1,"13":1,"14":1,"15":1,"16":1,"17":1,"18":1,"19":1,"20":1,"21":1,"22":1,"23":1,"24":1,"25":1,"26":1,"27":1,"28":1,"29":1,"30":1,"31":1,"32":1,"33":1,"34":1,"35":1,"36":1,"37":1,"38":1,"39":1,"40":1,"41":1,"42":1,"43":1,"44":1,"45":1,"46":1,"47":1,"48":1,"49":1,"50":1,"51":1,"52":1,"53":1,"54":1,"55":1,"56":1,"57":1,"58":1,"59":1,"60":1,"61":1,"62":1,"63":1,"64":1,"65":1,"66":1,"67":1,"68":1,"69":1,"70":1,"71":1,"72":1,"73":1,"74":1,"75":1,"76":1,"77":1,"78":1,"79":1,"80":1,"81":1,"82":1,"83":1,"84":1,"85":1,"86":1,"87":1,"88":1,"89":1,"90":1,"91":1,"92":1,"93":1,"94":1,"95":1,"96":1,"97":1,"98":1,"99":1,"100":1,"101":1,"102":1,"103":1,"104":1,"105":1,"106":1,"107":1,"108":1,"109":1,"110":1,"111":1,"112":1,"113":1,"114":1,"115":1,"116":1,"117":1,"118":1,"119":1,"120":1,"121":1,"122":1,"123":1,"124":1,"125":1,"126":1,"127":1,"128":1,"129":1,"130":150,"131":150,"132":150,"133":150,"134":150,"135":150,"136":150,"137":150,"138":150,"139":150,"140":150,"141":1,"142":1,"143":1,"144":1,"145":150,"146":2,"147":2,"148":2,"149":2,"150":150,"151":5,"152":5,"153":5,"154":5,"155":150,"156":3,"157":3,"158":3,"159":3,"160":150,"161":1,"162":1,"163":1,"164":1,"165":150,"166":1,"167":1,"168":1,"169":1,"170":150,"171":1,"172":1,"173":1,"174":1,"175":150,"176":3,"177":3,"178":3,"179":3,"180":150,"181":1,"182":1,"183":1,"184":1,"185":150,"186":2,"187":2,"188":2,"189":2,"190":150,"191":1,"192":1,"193":1,"194":1,"195":150,"196":1,"197":1,"198":1,"199":1,"200":150,"201":2,"202":2,"203":2,"204":2,"205":150,"206":1,"207":1,"208":1,"209":1,"210":150,"211":1,"212":1,"213":1,"214":1,"215":150,"216":2,"217":2,"218":4,"219":4,"220":4,"221":4,"222":4,"223":4,"224":2,"225":2,"226":2,"227":2,"228":2,"229":2,"230":2,"231":2,"232":2,"233":2,"234":4,"235":4,"236":2,"237":2,"238":2,"239":2,"240":2,"241":2,"242":2,"243":2,"244":2,"245":2,"246":150,"247":3,"248":1,"249":3,"250":3,"251":3,"252":3,"253":3,"254":3,"255":3,"256":1,"257":1,"258":1,"259":1,"260":1,"261":1,"262":3,"263":1,"264":1,"265":1,"266":1,"267":1,"268":1,"269":1,"270":1,"271":1,"272":3,"273":3,"274":3,"275":3,"276":3,"277":3,"278":3,"279":3,"280":3,"281":3,"282":150,"283":1,"284":1,"285":1,"286":1,"287":150,"288":1,"289":1,"290":0,"291":0,"292":0,"293":0,"294":0,"295":0,"296":0,"297":0,"298":0,"299":0,"300":0,"301":0,"302":0,"303":1,"304":1,"305":1,"306":1,"307":1,"308":0,"309":0,"310":0,"311":0,"312":0,"313":0,"314":0,"315":0,"316":0,"317":0,"318":1,"319":1,"320":1,"321":0,"322":0,"323":0,"324":0,"325":0,"326":0,"327":0,"328":0,"329":0,"330":0,"331":0,"332":0,"333":0,"334":0,"335":0,"336":0,"337":0,"338":0,"339":0,"340":0,"341":1,"342":1,"343":1,"344":1,"345":1,"346":1,"347":1,"348":1,"349":1,"350":1,"351":150,"352":1,"353":1,"354":1,"355":1,"356":150,"357":1,"358":1,"359":1,"360":1,"361":150,"362":1,"363":1,"364":1,"365":1,"366":150,"367":1,"368":1,"369":1,"370":1,"371":150,"372":1,"373":1,"374":1,"375":1,"376":150,"377":1,"378":1,"379":1,"380":1,"381":150,"382":4,"383":4,"384":4,"385":4,"386":150,"387":1,"388":1,"389":1,"390":1,"391":150,"392":2,"393":2,"394":2,"395":2,"396":150,"397":1,"398":1,"399":1,"400":1,"401":150,"402":1,"403":1,"404":1,"405":1,"406":150,"407":150,"408":102,"409":150,"410":0,"411":1,"412":1},"branchMap":{"0":{"type":"branch","line":130,"loc":{"start":{"line":130,"column":24},"end":{"line":411,"column":2}},"locations":[{"start":{"line":130,"column":24},"end":{"line":411,"column":2}}]},"1":{"type":"branch","line":141,"loc":{"start":{"line":141,"column":4},"end":{"line":145,"column":8}},"locations":[{"start":{"line":141,"column":4},"end":{"line":145,"column":8}}]},"2":{"type":"branch","line":146,"loc":{"start":{"line":146,"column":4},"end":{"line":150,"column":8}},"locations":[{"start":{"line":146,"column":4},"end":{"line":150,"column":8}}]},"3":{"type":"branch","line":151,"loc":{"start":{"line":151,"column":4},"end":{"line":155,"column":8}},"locations":[{"start":{"line":151,"column":4},"end":{"line":155,"column":8}}]},"4":{"type":"branch","line":156,"loc":{"start":{"line":156,"column":4},"end":{"line":160,"column":8}},"locations":[{"start":{"line":156,"column":4},"end":{"line":160,"column":8}}]},"5":{"type":"branch","line":161,"loc":{"start":{"line":161,"column":4},"end":{"line":165,"column":8}},"locations":[{"start":{"line":161,"column":4},"end":{"line":165,"column":8}}]},"6":{"type":"branch","line":166,"loc":{"start":{"line":166,"column":4},"end":{"line":170,"column":8}},"locations":[{"start":{"line":166,"column":4},"end":{"line":170,"column":8}}]},"7":{"type":"branch","line":171,"loc":{"start":{"line":171,"column":4},"end":{"line":175,"column":8}},"locations":[{"start":{"line":171,"column":4},"end":{"line":175,"column":8}}]},"8":{"type":"branch","line":176,"loc":{"start":{"line":176,"column":4},"end":{"line":180,"column":8}},"locations":[{"start":{"line":176,"column":4},"end":{"line":180,"column":8}}]},"9":{"type":"branch","line":181,"loc":{"start":{"line":181,"column":4},"end":{"line":185,"column":8}},"locations":[{"start":{"line":181,"column":4},"end":{"line":185,"column":8}}]},"10":{"type":"branch","line":186,"loc":{"start":{"line":186,"column":4},"end":{"line":190,"column":8}},"locations":[{"start":{"line":186,"column":4},"end":{"line":190,"column":8}}]},"11":{"type":"branch","line":191,"loc":{"start":{"line":191,"column":4},"end":{"line":195,"column":8}},"locations":[{"start":{"line":191,"column":4},"end":{"line":195,"column":8}}]},"12":{"type":"branch","line":196,"loc":{"start":{"line":196,"column":4},"end":{"line":200,"column":8}},"locations":[{"start":{"line":196,"column":4},"end":{"line":200,"column":8}}]},"13":{"type":"branch","line":201,"loc":{"start":{"line":201,"column":4},"end":{"line":205,"column":8}},"locations":[{"start":{"line":201,"column":4},"end":{"line":205,"column":8}}]},"14":{"type":"branch","line":206,"loc":{"start":{"line":206,"column":4},"end":{"line":210,"column":8}},"locations":[{"start":{"line":206,"column":4},"end":{"line":210,"column":8}}]},"15":{"type":"branch","line":211,"loc":{"start":{"line":211,"column":4},"end":{"line":215,"column":8}},"locations":[{"start":{"line":211,"column":4},"end":{"line":215,"column":8}}]},"16":{"type":"branch","line":216,"loc":{"start":{"line":216,"column":4},"end":{"line":246,"column":8}},"locations":[{"start":{"line":216,"column":4},"end":{"line":246,"column":8}}]},"17":{"type":"branch","line":247,"loc":{"start":{"line":247,"column":4},"end":{"line":282,"column":8}},"locations":[{"start":{"line":247,"column":4},"end":{"line":282,"column":8}}]},"18":{"type":"branch","line":283,"loc":{"start":{"line":283,"column":4},"end":{"line":287,"column":8}},"locations":[{"start":{"line":283,"column":4},"end":{"line":287,"column":8}}]},"19":{"type":"branch","line":288,"loc":{"start":{"line":288,"column":4},"end":{"line":351,"column":8}},"locations":[{"start":{"line":288,"column":4},"end":{"line":351,"column":8}}]},"20":{"type":"branch","line":291,"loc":{"start":{"line":291,"column":-1},"end":{"line":303,"column":68}},"locations":[{"start":{"line":291,"column":-1},"end":{"line":303,"column":68}}]},"21":{"type":"branch","line":305,"loc":{"start":{"line":305,"column":8},"end":{"line":305,"column":17}},"locations":[{"start":{"line":305,"column":8},"end":{"line":305,"column":17}}]},"22":{"type":"branch","line":306,"loc":{"start":{"line":306,"column":37},"end":{"line":306,"column":48}},"locations":[{"start":{"line":306,"column":37},"end":{"line":306,"column":48}}]},"23":{"type":"branch","line":308,"loc":{"start":{"line":308,"column":8},"end":{"line":318,"column":12}},"locations":[{"start":{"line":308,"column":8},"end":{"line":318,"column":12}}]},"24":{"type":"branch","line":319,"loc":{"start":{"line":319,"column":8},"end":{"line":319,"column":12}},"locations":[{"start":{"line":319,"column":8},"end":{"line":319,"column":12}}]},"25":{"type":"branch","line":321,"loc":{"start":{"line":321,"column":24},"end":{"line":342,"column":10}},"locations":[{"start":{"line":321,"column":24},"end":{"line":342,"column":10}}]},"26":{"type":"branch","line":352,"loc":{"start":{"line":352,"column":4},"end":{"line":356,"column":8}},"locations":[{"start":{"line":352,"column":4},"end":{"line":356,"column":8}}]},"27":{"type":"branch","line":357,"loc":{"start":{"line":357,"column":4},"end":{"line":361,"column":8}},"locations":[{"start":{"line":357,"column":4},"end":{"line":361,"column":8}}]},"28":{"type":"branch","line":362,"loc":{"start":{"line":362,"column":4},"end":{"line":366,"column":8}},"locations":[{"start":{"line":362,"column":4},"end":{"line":366,"column":8}}]},"29":{"type":"branch","line":367,"loc":{"start":{"line":367,"column":4},"end":{"line":371,"column":8}},"locations":[{"start":{"line":367,"column":4},"end":{"line":371,"column":8}}]},"30":{"type":"branch","line":372,"loc":{"start":{"line":372,"column":4},"end":{"line":376,"column":8}},"locations":[{"start":{"line":372,"column":4},"end":{"line":376,"column":8}}]},"31":{"type":"branch","line":377,"loc":{"start":{"line":377,"column":4},"end":{"line":381,"column":8}},"locations":[{"start":{"line":377,"column":4},"end":{"line":381,"column":8}}]},"32":{"type":"branch","line":382,"loc":{"start":{"line":382,"column":4},"end":{"line":386,"column":8}},"locations":[{"start":{"line":382,"column":4},"end":{"line":386,"column":8}}]},"33":{"type":"branch","line":387,"loc":{"start":{"line":387,"column":4},"end":{"line":391,"column":8}},"locations":[{"start":{"line":387,"column":4},"end":{"line":391,"column":8}}]},"34":{"type":"branch","line":392,"loc":{"start":{"line":392,"column":4},"end":{"line":396,"column":8}},"locations":[{"start":{"line":392,"column":4},"end":{"line":396,"column":8}}]},"35":{"type":"branch","line":397,"loc":{"start":{"line":397,"column":4},"end":{"line":401,"column":8}},"locations":[{"start":{"line":397,"column":4},"end":{"line":401,"column":8}}]},"36":{"type":"branch","line":402,"loc":{"start":{"line":402,"column":4},"end":{"line":406,"column":8}},"locations":[{"start":{"line":402,"column":4},"end":{"line":406,"column":8}}]},"37":{"type":"branch","line":408,"loc":{"start":{"line":408,"column":4},"end":{"line":409,"column":19}},"locations":[{"start":{"line":408,"column":4},"end":{"line":409,"column":19}}]},"38":{"type":"branch","line":411,"loc":{"start":{"line":411,"column":-1},"end":{"line":411,"column":2}},"locations":[{"start":{"line":411,"column":-1},"end":{"line":411,"column":2}}]},"39":{"type":"branch","line":217,"loc":{"start":{"line":217,"column":25},"end":{"line":237,"column":7}},"locations":[{"start":{"line":217,"column":25},"end":{"line":237,"column":7}}]},"40":{"type":"branch","line":218,"loc":{"start":{"line":218,"column":44},"end":{"line":236,"column":9}},"locations":[{"start":{"line":218,"column":44},"end":{"line":236,"column":9}}]},"41":{"type":"branch","line":224,"loc":{"start":{"line":224,"column":49},"end":{"line":234,"column":13}},"locations":[{"start":{"line":224,"column":49},"end":{"line":234,"column":13}}]},"42":{"type":"branch","line":221,"loc":{"start":{"line":221,"column":25},"end":{"line":221,"column":70}},"locations":[{"start":{"line":221,"column":25},"end":{"line":221,"column":70}}]},"43":{"type":"branch","line":221,"loc":{"start":{"line":221,"column":50},"end":{"line":221,"column":70}},"locations":[{"start":{"line":221,"column":50},"end":{"line":221,"column":70}}]},"44":{"type":"branch","line":248,"loc":{"start":{"line":248,"column":25},"end":{"line":275,"column":7}},"locations":[{"start":{"line":248,"column":25},"end":{"line":275,"column":7}}]},"45":{"type":"branch","line":249,"loc":{"start":{"line":249,"column":35},"end":{"line":274,"column":9}},"locations":[{"start":{"line":249,"column":35},"end":{"line":274,"column":9}}]},"46":{"type":"branch","line":256,"loc":{"start":{"line":256,"column":40},"end":{"line":263,"column":13}},"locations":[{"start":{"line":256,"column":40},"end":{"line":263,"column":13}}]},"47":{"type":"branch","line":263,"loc":{"start":{"line":263,"column":13},"end":{"line":272,"column":13}},"locations":[{"start":{"line":263,"column":13},"end":{"line":272,"column":13}}]},"48":{"type":"branch","line":263,"loc":{"start":{"line":263,"column":47},"end":{"line":272,"column":13}},"locations":[{"start":{"line":263,"column":47},"end":{"line":272,"column":13}}]},"49":{"type":"branch","line":253,"loc":{"start":{"line":253,"column":25},"end":{"line":253,"column":70}},"locations":[{"start":{"line":253,"column":25},"end":{"line":253,"column":70}}]},"50":{"type":"branch","line":253,"loc":{"start":{"line":253,"column":50},"end":{"line":253,"column":70}},"locations":[{"start":{"line":253,"column":50},"end":{"line":253,"column":70}}]}},"b":{"0":[150],"1":[1],"2":[2],"3":[5],"4":[3],"5":[1],"6":[1],"7":[1],"8":[3],"9":[1],"10":[2],"11":[1],"12":[1],"13":[2],"14":[1],"15":[1],"16":[2],"17":[3],"18":[1],"19":[1],"20":[0],"21":[0],"22":[0],"23":[0],"24":[0],"25":[0],"26":[1],"27":[1],"28":[1],"29":[1],"30":[1],"31":[1],"32":[4],"33":[1],"34":[2],"35":[1],"36":[1],"37":[102],"38":[0],"39":[2],"40":[4],"41":[2],"42":[6],"43":[2],"44":[1],"45":[3],"46":[1],"47":[2],"48":[1],"49":[3],"50":[0]},"fnMap":{"0":{"name":"settingsReducer","decl":{"start":{"line":130,"column":24},"end":{"line":411,"column":2}},"loc":{"start":{"line":130,"column":24},"end":{"line":411,"column":2}},"line":130}},"f":{"0":150}}
}
