TN:
SF:styleMock.ts
FNF:0
FNH:0
DA:1,1
LF:1
LH:1
BRF:0
BRH:0
end_of_record
TN:
SF:src/App.tsx
FN:7,App
FNF:1
FNH:1
FNDA:1,App
DA:1,1
DA:2,1
DA:3,1
DA:4,1
DA:5,1
DA:6,1
DA:7,1
DA:8,1
DA:9,1
DA:10,1
DA:11,1
DA:12,1
DA:13,1
DA:14,1
DA:15,1
DA:16,1
DA:17,1
DA:18,1
DA:19,1
DA:20,1
DA:21,1
DA:22,1
LF:22
LH:22
BRDA:7,0,0,1
BRF:1
BRH:1
end_of_record
TN:
SF:src/api/api.ts
FN:1,fetchData
FNF:1
FNH:1
FNDA:2,fetchData
DA:1,1
DA:2,2
DA:3,2
DA:4,2
DA:5,2
DA:6,1
DA:7,1
DA:8,1
DA:9,1
DA:10,1
DA:11,1
DA:12,1
DA:13,1
DA:14,1
DA:15,1
DA:16,2
LF:16
LH:16
BRDA:1,0,0,2
BRDA:5,1,0,1
BRF:2
BRH:2
end_of_record
TN:
SF:src/components/EntitySearch.tsx
FN:17,SearchItem
FN:23,onClick
FN:56,EntitySearch
FN:89,onClick
FN:101,onClick
FN:107,onClick
FN:119,onClick
FN:136,onChange
FNF:8
FNH:5
FNDA:4,SearchItem
FNDA:1,onClick
FNDA:14,EntitySearch
FNDA:0,onClick
FNDA:0,onClick
FNDA:0,onClick
FNDA:1,onClick
FNDA:10,onChange
DA:1,1
DA:2,1
DA:3,1
DA:4,1
DA:5,1
DA:6,1
DA:7,1
DA:8,1
DA:9,1
DA:10,1
DA:11,1
DA:12,1
DA:13,1
DA:14,1
DA:15,1
DA:16,1
DA:17,4
DA:18,4
DA:19,4
DA:20,4
DA:21,4
DA:22,4
DA:23,4
DA:24,4
DA:25,4
DA:26,3
DA:27,3
DA:28,3
DA:29,3
DA:30,3
DA:31,3
DA:32,3
DA:33,3
DA:34,4
DA:35,4
DA:36,4
DA:37,4
DA:38,4
DA:39,4
DA:40,4
DA:41,4
DA:42,4
DA:43,4
DA:44,4
DA:45,4
DA:46,4
DA:47,4
DA:48,4
DA:49,4
DA:50,4
DA:51,4
DA:52,4
DA:53,4
DA:54,4
DA:55,1
DA:56,14
DA:57,14
DA:58,14
DA:59,14
DA:60,14
DA:61,14
DA:62,14
DA:63,14
DA:64,14
DA:65,14
DA:66,14
DA:67,14
DA:68,14
DA:69,14
DA:70,14
DA:71,14
DA:72,14
DA:73,14
DA:74,14
DA:75,14
DA:76,14
DA:77,14
DA:78,14
DA:79,14
DA:80,14
DA:81,14
DA:82,14
DA:83,14
DA:84,14
DA:85,14
DA:86,14
DA:87,14
DA:88,14
DA:89,14
DA:90,14
DA:91,14
DA:92,14
DA:93,14
DA:94,14
DA:95,14
DA:96,14
DA:97,14
DA:98,14
DA:99,13
DA:100,13
DA:101,13
DA:102,13
DA:103,14
DA:104,0
DA:105,0
DA:106,0
DA:107,0
DA:108,0
DA:109,14
DA:110,14
DA:111,14
DA:112,14
DA:113,14
DA:114,2
DA:115,2
DA:116,2
DA:117,2
DA:118,2
DA:119,2
DA:120,1
DA:121,1
DA:122,1
DA:123,1
DA:124,2
DA:125,1
DA:126,1
DA:127,1
DA:128,2
DA:129,2
DA:130,2
DA:131,14
DA:132,14
DA:133,14
DA:134,14
DA:135,14
DA:136,14
DA:137,10
DA:138,14
DA:139,14
DA:140,14
DA:141,14
DA:142,14
DA:143,14
DA:144,0
DA:145,0
DA:146,0
DA:147,14
DA:148,0
DA:149,0
DA:150,0
DA:151,0
DA:152,0
DA:153,0
DA:154,0
DA:155,0
DA:156,0
DA:157,0
DA:158,0
DA:159,0
DA:160,0
DA:161,0
DA:162,0
DA:163,0
DA:164,0
DA:165,0
DA:166,0
DA:167,0
DA:168,0
DA:169,0
DA:170,0
DA:171,0
DA:172,0
DA:173,0
DA:174,0
DA:175,14
DA:176,14
DA:177,14
DA:178,14
DA:179,14
DA:180,14
DA:181,14
LF:181
LH:146
BRDA:17,0,0,4
BRDA:25,1,0,3
BRDA:23,2,0,1
BRDA:56,3,0,14
BRDA:64,4,0,13
BRDA:64,5,0,0
BRDA:64,6,0,13
BRDA:80,7,0,11
BRDA:80,8,0,2
BRDA:86,9,0,13
BRDA:87,10,0,0
BRDA:93,11,0,13
BRDA:93,12,0,0
BRDA:94,13,0,11
BRDA:94,14,0,2
BRDA:98,15,0,13
BRDA:103,16,0,0
BRDA:111,17,0,13
BRDA:111,18,0,0
BRDA:143,19,0,0
BRDA:147,20,0,13
BRDA:147,21,0,10
BRDA:147,22,0,0
BRDA:59,23,0,16
BRDA:60,24,0,16
BRDA:113,25,0,2
BRDA:119,26,0,1
BRDA:123,27,0,2
BRDA:124,28,0,1
BRDA:136,29,0,10
BRF:30
BRH:23
end_of_record
TN:
SF:src/components/ErrorModal.tsx
FN:6,ErrorModal
FN:28,onClick
FNF:2
FNH:2
FNDA:3,ErrorModal
FNDA:1,onClick
DA:1,1
DA:2,1
DA:3,1
DA:4,1
DA:5,1
DA:6,1
DA:7,3
DA:8,3
DA:9,3
DA:10,3
DA:11,3
DA:12,3
DA:13,3
DA:14,3
DA:15,3
DA:16,3
DA:17,3
DA:18,3
DA:19,3
DA:20,3
DA:21,3
DA:22,3
DA:23,3
DA:24,3
DA:25,3
DA:26,3
DA:27,3
DA:28,3
DA:29,1
DA:30,1
DA:31,3
DA:32,3
DA:33,3
DA:34,3
DA:35,3
DA:36,3
DA:37,3
DA:38,3
DA:39,3
DA:40,1
DA:41,1
LF:41
LH:41
BRDA:6,0,0,3
BRDA:8,1,0,6
BRDA:28,2,0,1
BRF:3
BRH:3
end_of_record
TN:
SF:src/components/FileUploadFormModal.tsx
FN:6,FileUploadFormModal
FN:19,handleTechniqueChange
FN:25,handleSave
FN:45,onClick
FNF:4
FNH:4
FNDA:4,FileUploadFormModal
FNDA:1,handleTechniqueChange
FNDA:1,handleSave
FNDA:1,onClick
DA:1,1
DA:2,1
DA:3,1
DA:4,1
DA:5,1
DA:6,4
DA:7,4
DA:8,4
DA:9,4
DA:10,4
DA:11,4
DA:12,4
DA:13,4
DA:14,4
DA:15,4
DA:16,4
DA:17,4
DA:18,4
DA:19,4
DA:20,1
DA:21,1
DA:22,1
DA:23,4
DA:24,4
DA:25,4
DA:26,1
DA:27,1
DA:28,4
DA:29,4
DA:30,4
DA:31,1
DA:32,1
DA:33,3
DA:34,3
DA:35,4
DA:36,4
DA:37,4
DA:38,4
DA:39,4
DA:40,4
DA:41,4
DA:42,4
DA:43,4
DA:44,4
DA:45,4
DA:46,4
DA:47,4
DA:48,4
DA:49,4
DA:50,4
DA:51,4
DA:52,4
DA:53,4
DA:54,4
DA:55,4
DA:56,4
DA:57,4
DA:58,4
DA:59,4
DA:60,4
DA:61,4
DA:62,4
DA:63,4
DA:64,4
DA:65,4
DA:66,4
DA:67,4
DA:68,4
DA:69,4
DA:70,4
DA:71,4
DA:72,4
DA:73,0
DA:74,0
DA:75,0
DA:76,4
DA:77,3
DA:78,3
DA:79,3
DA:80,3
DA:81,3
DA:82,3
DA:83,3
DA:84,3
DA:85,3
DA:86,3
DA:87,3
DA:88,3
DA:89,3
DA:90,3
DA:91,4
DA:92,4
DA:93,4
DA:94,4
DA:95,0
DA:96,0
DA:97,0
DA:98,0
DA:99,0
DA:100,0
DA:101,0
DA:102,0
DA:103,0
DA:104,0
DA:105,0
DA:106,0
DA:107,0
DA:108,0
DA:109,0
DA:110,0
DA:111,0
DA:112,0
DA:113,0
DA:114,0
DA:115,0
DA:116,0
DA:117,0
DA:118,0
DA:119,0
DA:120,0
DA:121,0
DA:122,0
DA:123,0
DA:124,0
DA:125,0
DA:126,0
DA:127,0
DA:128,0
DA:129,0
DA:130,0
DA:131,0
DA:132,0
DA:133,0
DA:134,0
DA:135,0
DA:136,0
DA:137,0
DA:138,4
DA:139,4
DA:140,4
DA:141,4
DA:142,4
DA:143,4
DA:144,4
DA:145,4
DA:146,4
DA:147,4
DA:148,4
DA:149,4
DA:150,4
DA:151,4
DA:152,4
LF:152
LH:106
BRDA:6,0,0,4
BRDA:30,1,0,1
BRDA:33,2,0,3
BRDA:35,3,0,0
BRDA:57,4,0,3
BRDA:58,5,0,0
BRDA:63,6,0,3
BRDA:64,7,0,0
BRDA:72,8,0,0
BRDA:76,9,0,3
BRDA:93,10,0,3
BRDA:93,11,0,0
BRDA:94,12,0,0
BRDA:11,13,0,8
BRDA:15,14,0,4
BRDA:19,15,0,1
BRDA:25,16,0,1
BRDA:45,17,0,1
BRDA:84,18,0,3
BRF:19
BRH:13
end_of_record
TN:
SF:src/components/Guideline.tsx
FN:5,GuidelineComp
FNF:1
FNH:1
FNDA:1,GuidelineComp
DA:1,1
DA:2,1
DA:3,1
DA:4,1
DA:5,1
DA:6,1
DA:7,1
DA:8,1
DA:9,1
DA:10,1
DA:11,1
DA:12,1
DA:13,1
DA:14,1
DA:15,1
DA:16,1
DA:17,1
DA:18,1
DA:19,1
DA:20,1
DA:21,1
DA:22,1
DA:23,1
DA:24,1
DA:25,1
DA:26,1
DA:27,1
DA:28,1
DA:29,1
DA:30,1
DA:31,1
DA:32,1
DA:33,1
DA:34,1
DA:35,1
DA:36,1
DA:37,1
DA:38,1
DA:39,1
DA:40,1
DA:41,1
DA:42,1
DA:43,1
DA:44,1
DA:45,1
DA:46,1
DA:47,1
DA:48,1
DA:49,1
DA:50,1
DA:51,1
DA:52,1
DA:53,1
DA:54,1
DA:55,1
DA:56,1
DA:57,1
DA:58,1
DA:59,1
DA:60,1
DA:61,1
DA:62,1
DA:63,1
DA:64,1
DA:65,1
DA:66,1
DA:67,1
DA:68,1
DA:69,1
DA:70,1
DA:71,1
DA:72,1
LF:72
LH:72
BRDA:5,0,0,1
BRDA:11,1,0,0
BRDA:12,2,0,0
BRDA:31,3,0,0
BRF:4
BRH:1
end_of_record
TN:
SF:src/components/Imprint.tsx
FN:5,ImprintComp
FNF:1
FNH:1
FNDA:3,ImprintComp
DA:1,1
DA:2,1
DA:3,1
DA:4,1
DA:5,1
DA:6,3
DA:7,3
DA:8,3
DA:9,3
DA:10,3
DA:11,3
DA:12,3
DA:13,3
DA:14,3
DA:15,3
DA:16,3
DA:17,3
DA:18,3
DA:19,3
DA:20,3
DA:21,3
DA:22,3
DA:23,3
DA:24,3
DA:25,3
DA:26,3
DA:27,3
DA:28,3
DA:29,3
DA:30,3
DA:31,3
DA:32,3
DA:33,3
DA:34,3
DA:35,3
DA:36,3
DA:37,3
DA:38,3
DA:39,3
DA:40,3
DA:41,3
DA:42,3
DA:43,3
DA:44,3
DA:45,3
DA:46,3
DA:47,3
DA:48,3
DA:49,3
DA:50,3
DA:51,3
DA:52,3
DA:53,3
DA:54,3
DA:55,3
DA:56,3
DA:57,3
DA:58,3
DA:59,3
DA:60,3
DA:61,3
DA:62,3
DA:63,3
DA:64,3
DA:65,3
DA:66,3
DA:67,3
DA:68,3
DA:69,3
DA:70,3
DA:71,3
DA:72,3
DA:73,3
DA:74,3
DA:75,3
DA:76,3
DA:77,3
DA:78,3
DA:79,3
DA:80,3
DA:81,3
DA:82,3
DA:83,3
DA:84,3
DA:85,3
DA:86,3
DA:87,3
DA:88,3
DA:89,3
DA:90,3
DA:91,3
DA:92,1
DA:93,1
LF:93
LH:93
BRDA:5,0,0,3
BRDA:11,1,0,0
BRDA:12,2,0,0
BRF:3
BRH:1
end_of_record
TN:
SF:src/components/Nav.tsx
FN:5,Nav
FNF:1
FNH:1
FNDA:5,Nav
DA:1,1
DA:2,1
DA:3,1
DA:4,1
DA:5,5
DA:6,5
DA:7,5
DA:8,5
DA:9,5
DA:10,5
DA:11,5
DA:12,5
DA:13,5
DA:14,5
DA:15,5
DA:16,5
DA:17,5
DA:18,5
DA:19,5
DA:20,5
DA:21,5
DA:22,5
DA:23,5
DA:24,5
DA:25,5
DA:26,5
DA:27,5
DA:28,5
DA:29,5
DA:30,5
DA:31,5
DA:32,5
DA:33,5
DA:34,5
DA:35,5
DA:36,5
LF:36
LH:36
BRDA:5,0,0,5
BRDA:11,1,0,4
BRDA:11,2,0,1
BRDA:14,3,0,4
BRDA:14,4,0,1
BRDA:26,5,0,4
BRDA:26,6,0,1
BRF:7
BRH:7
end_of_record
TN:
SF:src/components/SvgSpinner.tsx
FN:1,SvgSpinner
FNF:1
FNH:1
FNDA:1,SvgSpinner
DA:1,1
DA:2,1
DA:3,1
DA:4,1
DA:5,1
DA:6,1
DA:7,1
DA:8,1
DA:9,1
DA:10,1
DA:11,1
DA:12,1
DA:13,1
DA:14,1
LF:14
LH:14
BRDA:1,0,0,1
BRF:1
BRH:1
end_of_record
TN:
SF:src/components/Tag.tsx
FN:12,Tag
FN:15,handleTagClick
FNF:2
FNH:2
FNDA:8,Tag
FNDA:3,handleTagClick
DA:1,1
DA:2,1
DA:3,1
DA:4,1
DA:5,1
DA:6,1
DA:7,1
DA:8,1
DA:9,1
DA:10,1
DA:11,1
DA:12,8
DA:13,8
DA:14,8
DA:15,8
DA:16,3
DA:17,3
DA:18,8
DA:19,8
DA:20,8
DA:21,8
DA:22,8
DA:23,8
DA:24,8
DA:25,8
DA:26,8
DA:27,8
DA:28,8
DA:29,8
DA:30,8
DA:31,8
DA:32,8
DA:33,8
DA:34,8
DA:35,8
DA:36,8
DA:37,8
DA:38,8
DA:39,8
DA:40,8
DA:41,8
DA:42,8
DA:43,1
DA:44,1
LF:44
LH:44
BRDA:12,0,0,8
BRDA:15,1,0,3
BRF:2
BRH:2
end_of_record
TN:
SF:src/components/WaitingModal.tsx
FN:12,VisualizationWaitingModal
FNF:1
FNH:1
FNDA:1,VisualizationWaitingModal
DA:1,1
DA:2,1
DA:3,1
DA:4,1
DA:5,1
DA:6,1
DA:7,1
DA:8,1
DA:9,1
DA:10,1
DA:11,1
DA:12,1
DA:13,1
DA:14,1
DA:15,1
DA:16,1
DA:17,1
DA:18,1
DA:19,1
DA:20,1
DA:21,1
DA:22,1
DA:23,1
DA:24,1
DA:25,1
DA:26,1
DA:27,1
DA:28,1
DA:29,1
DA:30,1
DA:31,1
DA:32,1
DA:33,1
DA:34,1
DA:35,1
DA:36,1
DA:37,1
DA:38,1
DA:39,1
DA:40,1
DA:41,1
LF:41
LH:41
BRDA:12,0,0,1
BRF:1
BRH:1
end_of_record
TN:
SF:src/helpers/constants.ts
FNF:0
FNH:0
DA:1,1
DA:2,1
DA:3,1
DA:4,1
DA:5,1
DA:6,1
DA:7,1
DA:8,1
DA:9,1
DA:10,1
DA:11,1
DA:12,1
DA:13,1
DA:14,1
DA:15,1
DA:16,1
DA:17,1
DA:18,1
DA:19,1
DA:20,1
DA:21,1
DA:22,1
DA:23,1
DA:24,1
DA:25,1
DA:26,1
DA:27,1
DA:28,1
DA:29,1
DA:30,1
DA:31,1
DA:32,1
DA:33,1
DA:34,1
DA:35,1
DA:36,1
DA:37,1
DA:38,1
DA:39,1
DA:40,1
DA:41,1
DA:42,1
DA:43,1
DA:44,1
DA:45,1
DA:46,1
DA:47,1
DA:48,1
DA:49,1
DA:50,1
DA:51,1
DA:52,1
DA:53,1
DA:54,1
DA:55,1
DA:56,1
DA:57,1
DA:58,1
DA:59,1
DA:60,1
DA:61,1
DA:62,1
DA:63,1
DA:64,1
DA:65,1
DA:66,1
DA:67,1
DA:68,1
DA:69,1
DA:70,1
DA:71,1
DA:72,1
DA:73,1
DA:74,1
DA:75,1
DA:76,1
DA:77,1
DA:78,1
DA:79,1
DA:80,1
DA:81,1
DA:82,1
DA:83,1
DA:84,1
DA:85,1
DA:86,1
DA:87,1
DA:88,1
DA:89,1
DA:90,1
DA:91,1
DA:92,1
DA:93,1
DA:94,1
DA:95,1
DA:96,1
DA:97,1
DA:98,1
DA:99,1
DA:100,1
DA:101,1
DA:102,1
DA:103,1
DA:104,1
DA:105,1
DA:106,1
DA:107,1
DA:108,1
DA:109,1
DA:110,1
DA:111,1
DA:112,1
DA:113,1
DA:114,1
DA:115,1
DA:116,1
DA:117,1
DA:118,1
DA:119,1
DA:120,1
DA:121,1
DA:122,1
DA:123,1
DA:124,1
DA:125,1
DA:126,1
DA:127,1
DA:128,1
DA:129,1
DA:130,1
DA:131,1
DA:132,1
DA:133,1
DA:134,1
DA:135,1
DA:136,1
DA:137,1
DA:138,1
DA:139,1
DA:140,1
DA:141,1
LF:141
LH:141
BRF:0
BRH:0
end_of_record
TN:
SF:src/helpers/search.ts
FN:1,GroupBy
FN:12,truncate
FNF:2
FNH:2
FNDA:1,GroupBy
FNDA:2,truncate
DA:1,1
DA:2,1
DA:3,1
DA:4,3
DA:5,3
DA:6,2
DA:7,2
DA:8,1
DA:9,1
DA:10,1
DA:11,1
DA:12,2
DA:13,2
DA:14,2
DA:15,2
DA:16,2
LF:16
LH:16
BRDA:1,0,0,1
BRDA:3,1,0,3
BRDA:5,2,0,2
BRDA:6,3,0,6
BRDA:12,4,0,2
BRDA:14,5,0,1
BRDA:15,6,0,1
BRF:7
BRH:7
end_of_record
TN:
SF:src/helpers/hooks/index.ts
FNF:0
FNH:0
DA:1,1
DA:2,1
DA:3,1
DA:4,1
DA:5,1
DA:6,1
LF:6
LH:6
BRF:0
BRH:0
end_of_record
TN:
SF:src/redux/actionTypes.ts
FNF:0
FNH:0
DA:1,1
DA:2,1
DA:3,1
DA:4,1
DA:5,1
DA:6,1
DA:7,1
DA:8,1
DA:9,1
DA:10,1
DA:11,1
DA:12,1
DA:13,1
DA:14,1
DA:15,1
DA:16,1
DA:17,1
DA:18,1
DA:19,1
DA:20,1
DA:21,1
DA:22,1
DA:23,1
DA:24,1
DA:25,1
DA:26,1
DA:27,1
DA:28,1
DA:29,1
DA:30,1
DA:31,1
LF:31
LH:31
BRF:0
BRH:0
end_of_record
TN:
SF:src/redux/actions/settings.ts
FN:41,setColorList
FN:45,setColorKey
FN:49,setColorParam
FN:53,setSelectedMols
FN:57,setShapeParam
FN:61,setTwoLegend
FN:65,setPdbExists
FN:69,setKeyList
FN:73,setTechnique
FN:77,setThreeD
FN:81,setSearchItems
FN:85,setMoleculeShown
FN:89,setIsLegendOpen
FN:93,setErrorMessage
FN:97,setCameraPosition
FN:101,setCameraRotation
FN:105,setMoleculeName
FN:109,setDataItems
FN:113,setLightMode
FN:117,setCSVFilePath
FN:121,setColorParamList
FN:125,setShapeParamList
FN:129,setData
FN:133,setPDB
FN:137,setIsLoading
FN:141,setColorAndShapeKey
FN:151,setCustomFeature
FN:155,setProjections
FN:159,setProteinData
FN:163,setStructures
FNF:30
FNH:29
FNDA:1,setColorList
FNDA:0,setColorKey
FNDA:1,setColorParam
FNDA:1,setSelectedMols
FNDA:1,setShapeParam
FNDA:1,setTwoLegend
FNDA:1,setPdbExists
FNDA:1,setKeyList
FNDA:3,setTechnique
FNDA:1,setThreeD
FNDA:2,setSearchItems
FNDA:1,setMoleculeShown
FNDA:1,setIsLegendOpen
FNDA:4,setErrorMessage
FNDA:1,setCameraPosition
FNDA:1,setCameraRotation
FNDA:1,setMoleculeName
FNDA:1,setDataItems
FNDA:1,setLightMode
FNDA:1,setCSVFilePath
FNDA:1,setColorParamList
FNDA:1,setShapeParamList
FNDA:1,setData
FNDA:1,setPDB
FNDA:1,setIsLoading
FNDA:1,setColorAndShapeKey
FNDA:1,setCustomFeature
FNDA:1,setProjections
FNDA:1,setProteinData
FNDA:1,setStructures
DA:1,1
DA:2,1
DA:3,1
DA:4,1
DA:5,1
DA:6,1
DA:7,1
DA:8,1
DA:9,1
DA:10,1
DA:11,1
DA:12,1
DA:13,1
DA:14,1
DA:15,1
DA:16,1
DA:17,1
DA:18,1
DA:19,1
DA:20,1
DA:21,1
DA:22,1
DA:23,1
DA:24,1
DA:25,1
DA:26,1
DA:27,1
DA:28,1
DA:29,1
DA:30,1
DA:31,1
DA:32,1
DA:33,1
DA:34,1
DA:35,1
DA:36,1
DA:37,1
DA:38,1
DA:39,1
DA:40,1
DA:41,1
DA:42,1
DA:43,1
DA:44,1
DA:45,0
DA:46,0
DA:47,0
DA:48,1
DA:49,1
DA:50,1
DA:51,1
DA:52,1
DA:53,1
DA:54,1
DA:55,1
DA:56,1
DA:57,1
DA:58,1
DA:59,1
DA:60,1
DA:61,1
DA:62,1
DA:63,1
DA:64,1
DA:65,1
DA:66,1
DA:67,1
DA:68,1
DA:69,1
DA:70,1
DA:71,1
DA:72,1
DA:73,3
DA:74,3
DA:75,3
DA:76,1
DA:77,1
DA:78,1
DA:79,1
DA:80,1
DA:81,2
DA:82,2
DA:83,2
DA:84,1
DA:85,1
DA:86,1
DA:87,1
DA:88,1
DA:89,1
DA:90,1
DA:91,1
DA:92,1
DA:93,4
DA:94,4
DA:95,4
DA:96,1
DA:97,1
DA:98,1
DA:99,1
DA:100,1
DA:101,1
DA:102,1
DA:103,1
DA:104,1
DA:105,1
DA:106,1
DA:107,1
DA:108,1
DA:109,1
DA:110,1
DA:111,1
DA:112,1
DA:113,1
DA:114,1
DA:115,1
DA:116,1
DA:117,1
DA:118,1
DA:119,1
DA:120,1
DA:121,1
DA:122,1
DA:123,1
DA:124,1
DA:125,1
DA:126,1
DA:127,1
DA:128,1
DA:129,1
DA:130,1
DA:131,1
DA:132,1
DA:133,1
DA:134,1
DA:135,1
DA:136,1
DA:137,1
DA:138,1
DA:139,1
DA:140,1
DA:141,1
DA:142,1
DA:143,1
DA:144,1
DA:145,1
DA:146,1
DA:147,1
DA:148,1
DA:149,1
DA:150,1
DA:151,1
DA:152,1
DA:153,1
DA:154,1
DA:155,1
DA:156,1
DA:157,1
DA:158,1
DA:159,1
DA:160,1
DA:161,1
DA:162,1
DA:163,1
DA:164,1
DA:165,1
DA:166,1
DA:167,1
DA:168,1
DA:169,1
DA:170,1
DA:171,1
DA:172,1
DA:173,1
DA:174,1
DA:175,1
DA:176,1
DA:177,1
DA:178,1
DA:179,1
DA:180,1
DA:181,1
DA:182,1
DA:183,0
DA:184,1
DA:185,1
DA:186,1
DA:187,1
DA:188,1
DA:189,1
DA:190,1
DA:191,1
DA:192,1
DA:193,0
DA:194,1
DA:195,1
DA:196,1
DA:197,1
DA:198,0
DA:199,0
DA:200,0
DA:201,0
DA:202,0
DA:203,0
DA:204,0
DA:205,0
DA:206,0
DA:207,0
DA:208,1
DA:209,1
DA:210,1
DA:211,0
DA:212,0
DA:213,0
DA:214,0
DA:215,0
DA:216,0
DA:217,0
DA:218,0
DA:219,0
DA:220,0
DA:221,0
DA:222,0
DA:223,0
DA:224,0
DA:225,0
DA:226,0
DA:227,0
DA:228,0
DA:229,1
DA:230,1
DA:231,1
DA:232,1
DA:233,1
DA:234,1
DA:235,1
DA:236,1
DA:237,1
DA:238,1
DA:239,1
DA:240,1
DA:241,1
DA:242,1
DA:243,1
DA:244,1
DA:245,1
DA:246,1
DA:247,1
DA:248,1
DA:249,1
DA:250,1
DA:251,1
DA:252,1
DA:253,1
DA:254,1
DA:255,1
DA:256,1
DA:257,1
DA:258,1
DA:259,1
DA:260,1
DA:261,1
DA:262,1
DA:263,1
DA:264,1
DA:265,1
DA:266,1
DA:267,1
DA:268,1
DA:269,1
DA:270,1
DA:271,1
DA:272,1
DA:273,1
DA:274,1
DA:275,1
DA:276,1
DA:277,1
LF:277
LH:244
BRDA:41,0,0,1
BRDA:49,1,0,1
BRDA:53,2,0,1
BRDA:57,3,0,1
BRDA:61,4,0,1
BRDA:65,5,0,1
BRDA:69,6,0,1
BRDA:73,7,0,3
BRDA:77,8,0,1
BRDA:81,9,0,2
BRDA:85,10,0,1
BRDA:89,11,0,1
BRDA:93,12,0,4
BRDA:97,13,0,1
BRDA:101,14,0,1
BRDA:105,15,0,1
BRDA:109,16,0,1
BRDA:113,17,0,1
BRDA:117,18,0,1
BRDA:121,19,0,1
BRDA:125,20,0,1
BRDA:129,21,0,1
BRDA:133,22,0,1
BRDA:137,23,0,1
BRDA:141,24,0,1
BRDA:151,25,0,1
BRDA:155,26,0,1
BRDA:159,27,0,1
BRDA:163,28,0,1
BRDA:177,29,0,1
BRDA:180,30,0,0
BRDA:181,31,0,0
BRDA:188,32,0,0
BRDA:242,33,0,0
BRDA:244,34,0,0
BRDA:247,35,0,0
BRF:36
BRH:30
end_of_record
TN:
SF:src/redux/reducers/settings.ts
FN:130,settingsReducer
FNF:1
FNH:1
FNDA:150,settingsReducer
DA:1,1
DA:2,1
DA:3,1
DA:4,1
DA:5,1
DA:6,1
DA:7,1
DA:8,1
DA:9,1
DA:10,1
DA:11,1
DA:12,1
DA:13,1
DA:14,1
DA:15,1
DA:16,1
DA:17,1
DA:18,1
DA:19,1
DA:20,1
DA:21,1
DA:22,1
DA:23,1
DA:24,1
DA:25,1
DA:26,1
DA:27,1
DA:28,1
DA:29,1
DA:30,1
DA:31,1
DA:32,1
DA:33,1
DA:34,1
DA:35,1
DA:36,1
DA:37,1
DA:38,1
DA:39,1
DA:40,1
DA:41,1
DA:42,1
DA:43,1
DA:44,1
DA:45,1
DA:46,1
DA:47,1
DA:48,1
DA:49,1
DA:50,1
DA:51,1
DA:52,1
DA:53,1
DA:54,1
DA:55,1
DA:56,1
DA:57,1
DA:58,1
DA:59,1
DA:60,1
DA:61,1
DA:62,1
DA:63,1
DA:64,1
DA:65,1
DA:66,1
DA:67,1
DA:68,1
DA:69,1
DA:70,1
DA:71,1
DA:72,1
DA:73,1
DA:74,1
DA:75,1
DA:76,1
DA:77,1
DA:78,1
DA:79,1
DA:80,1
DA:81,1
DA:82,1
DA:83,1
DA:84,1
DA:85,1
DA:86,1
DA:87,1
DA:88,1
DA:89,1
DA:90,1
DA:91,1
DA:92,1
DA:93,1
DA:94,1
DA:95,1
DA:96,1
DA:97,1
DA:98,1
DA:99,1
DA:100,1
DA:101,1
DA:102,1
DA:103,1
DA:104,1
DA:105,1
DA:106,1
DA:107,1
DA:108,1
DA:109,1
DA:110,1
DA:111,1
DA:112,1
DA:113,1
DA:114,1
DA:115,1
DA:116,1
DA:117,1
DA:118,1
DA:119,1
DA:120,1
DA:121,1
DA:122,1
DA:123,1
DA:124,1
DA:125,1
DA:126,1
DA:127,1
DA:128,1
DA:129,1
DA:130,1
DA:131,150
DA:132,150
DA:133,150
DA:134,150
DA:135,150
DA:136,150
DA:137,150
DA:138,150
DA:139,150
DA:140,150
DA:141,150
DA:142,1
DA:143,1
DA:144,1
DA:145,1
DA:146,150
DA:147,2
DA:148,2
DA:149,2
DA:150,2
DA:151,150
DA:152,5
DA:153,5
DA:154,5
DA:155,5
DA:156,150
DA:157,3
DA:158,3
DA:159,3
DA:160,3
DA:161,150
DA:162,1
DA:163,1
DA:164,1
DA:165,1
DA:166,150
DA:167,1
DA:168,1
DA:169,1
DA:170,1
DA:171,150
DA:172,1
DA:173,1
DA:174,1
DA:175,1
DA:176,150
DA:177,3
DA:178,3
DA:179,3
DA:180,3
DA:181,150
DA:182,1
DA:183,1
DA:184,1
DA:185,1
DA:186,150
DA:187,2
DA:188,2
DA:189,2
DA:190,2
DA:191,150
DA:192,1
DA:193,1
DA:194,1
DA:195,1
DA:196,150
DA:197,1
DA:198,1
DA:199,1
DA:200,1
DA:201,150
DA:202,2
DA:203,2
DA:204,2
DA:205,2
DA:206,150
DA:207,1
DA:208,1
DA:209,1
DA:210,1
DA:211,150
DA:212,1
DA:213,1
DA:214,1
DA:215,1
DA:216,150
DA:217,2
DA:218,2
DA:219,4
DA:220,4
DA:221,4
DA:222,4
DA:223,4
DA:224,4
DA:225,2
DA:226,2
DA:227,2
DA:228,2
DA:229,2
DA:230,2
DA:231,2
DA:232,2
DA:233,2
DA:234,2
DA:235,4
DA:236,4
DA:237,2
DA:238,2
DA:239,2
DA:240,2
DA:241,2
DA:242,2
DA:243,2
DA:244,2
DA:245,2
DA:246,2
DA:247,150
DA:248,3
DA:249,1
DA:250,3
DA:251,3
DA:252,3
DA:253,3
DA:254,3
DA:255,3
DA:256,3
DA:257,1
DA:258,1
DA:259,1
DA:260,1
DA:261,1
DA:262,1
DA:263,3
DA:264,1
DA:265,1
DA:266,1
DA:267,1
DA:268,1
DA:269,1
DA:270,1
DA:271,1
DA:272,1
DA:273,3
DA:274,3
DA:275,3
DA:276,3
DA:277,3
DA:278,3
DA:279,3
DA:280,3
DA:281,3
DA:282,3
DA:283,150
DA:284,1
DA:285,1
DA:286,1
DA:287,1
DA:288,150
DA:289,1
DA:290,1
DA:291,0
DA:292,0
DA:293,0
DA:294,0
DA:295,0
DA:296,0
DA:297,0
DA:298,0
DA:299,0
DA:300,0
DA:301,0
DA:302,0
DA:303,0
DA:304,1
DA:305,1
DA:306,1
DA:307,1
DA:308,1
DA:309,0
DA:310,0
DA:311,0
DA:312,0
DA:313,0
DA:314,0
DA:315,0
DA:316,0
DA:317,0
DA:318,0
DA:319,1
DA:320,1
DA:321,1
DA:322,0
DA:323,0
DA:324,0
DA:325,0
DA:326,0
DA:327,0
DA:328,0
DA:329,0
DA:330,0
DA:331,0
DA:332,0
DA:333,0
DA:334,0
DA:335,0
DA:336,0
DA:337,0
DA:338,0
DA:339,0
DA:340,0
DA:341,0
DA:342,1
DA:343,1
DA:344,1
DA:345,1
DA:346,1
DA:347,1
DA:348,1
DA:349,1
DA:350,1
DA:351,1
DA:352,150
DA:353,1
DA:354,1
DA:355,1
DA:356,1
DA:357,150
DA:358,1
DA:359,1
DA:360,1
DA:361,1
DA:362,150
DA:363,1
DA:364,1
DA:365,1
DA:366,1
DA:367,150
DA:368,1
DA:369,1
DA:370,1
DA:371,1
DA:372,150
DA:373,1
DA:374,1
DA:375,1
DA:376,1
DA:377,150
DA:378,1
DA:379,1
DA:380,1
DA:381,1
DA:382,150
DA:383,4
DA:384,4
DA:385,4
DA:386,4
DA:387,150
DA:388,1
DA:389,1
DA:390,1
DA:391,1
DA:392,150
DA:393,2
DA:394,2
DA:395,2
DA:396,2
DA:397,150
DA:398,1
DA:399,1
DA:400,1
DA:401,1
DA:402,150
DA:403,1
DA:404,1
DA:405,1
DA:406,1
DA:407,150
DA:408,150
DA:409,102
DA:410,150
DA:411,0
DA:412,1
DA:413,1
LF:413
LH:369
BRDA:130,0,0,150
BRDA:141,1,0,1
BRDA:146,2,0,2
BRDA:151,3,0,5
BRDA:156,4,0,3
BRDA:161,5,0,1
BRDA:166,6,0,1
BRDA:171,7,0,1
BRDA:176,8,0,3
BRDA:181,9,0,1
BRDA:186,10,0,2
BRDA:191,11,0,1
BRDA:196,12,0,1
BRDA:201,13,0,2
BRDA:206,14,0,1
BRDA:211,15,0,1
BRDA:216,16,0,2
BRDA:247,17,0,3
BRDA:283,18,0,1
BRDA:288,19,0,1
BRDA:291,20,0,0
BRDA:305,21,0,0
BRDA:306,22,0,0
BRDA:308,23,0,0
BRDA:319,24,0,0
BRDA:321,25,0,0
BRDA:352,26,0,1
BRDA:357,27,0,1
BRDA:362,28,0,1
BRDA:367,29,0,1
BRDA:372,30,0,1
BRDA:377,31,0,1
BRDA:382,32,0,4
BRDA:387,33,0,1
BRDA:392,34,0,2
BRDA:397,35,0,1
BRDA:402,36,0,1
BRDA:408,37,0,102
BRDA:411,38,0,0
BRDA:217,39,0,2
BRDA:218,40,0,4
BRDA:224,41,0,2
BRDA:221,42,0,6
BRDA:221,43,0,2
BRDA:248,44,0,1
BRDA:249,45,0,3
BRDA:256,46,0,1
BRDA:263,47,0,2
BRDA:263,48,0,1
BRDA:253,49,0,3
BRDA:253,50,0,0
BRF:51
BRH:43
end_of_record
